This file contains any messages produced by compilers while
running configure, to aid debugging if configure makes a mistake.

It was created by configure, which was
generated by GNU Autoconf 2.59.  Invocation command line was

  $ /Users/olahgabor/Documents/git/refactorerl/otp_src_R12B-5/lib/gs/./configure --prefix=/usr/local --prefix=/usr/local --cache-file=/dev/null --srcdir=/Users/olahgabor/Documents/git/refactorerl/otp_src_R12B-5/lib --cache-file=/dev/null --srcdir=/Users/olahgabor/Documents/git/refactorerl/otp_src_R12B-5/lib/gs/.

## --------- ##
## Platform. ##
## --------- ##

hostname = Olikass-MacBook-Air.local
uname -m = x86_64
uname -r = 14.0.0
uname -s = Darwin
uname -v = Darwin Kernel Version 14.0.0: Fri Sep 19 00:26:44 PDT 2014; root:xnu-2782.1.97~2/RELEASE_X86_64

/usr/bin/uname -p = i386
/bin/uname -X     = unknown

/bin/arch              = unknown
/usr/bin/arch -k       = unknown
/usr/convex/getsysinfo = unknown
hostinfo               = Mach kernel version:
	 Darwin Kernel Version 14.0.0: Fri Sep 19 00:26:44 PDT 2014; root:xnu-2782.1.97~2/RELEASE_X86_64
Kernel configured for up to 4 processors.
2 processors are physically available.
4 processors are logically available.
Processor type: x86_64h (Intel x86-64h Haswell)
Processors active: 0 1 2 3
Primary memory available: 8.00 gigabytes
Default processor set: 252 tasks, 1178 threads, 4 processors
Load average: 2.24, Mach factor: 1.87
/bin/machine           = unknown
/usr/bin/oslevel       = unknown
/bin/universe          = unknown

PATH: /usr/local/bin
PATH: /usr/bin
PATH: /bin
PATH: /usr/sbin
PATH: /sbin
PATH: /opt/X11/bin
PATH: /usr/texbin


## ----------- ##
## Core tests. ##
## ----------- ##

configure:1247: checking build system type
configure:1265: result: i386-apple-darwin14.0.0
configure:1273: checking host system type
configure:1287: result: i386-apple-darwin14.0.0
configure:1305: checking for prebuilt tcl/tk in tcl/binaries/i386_darwin14.tar.gz
configure:1313: result: not found
configure:1391: creating ./config.status

## ---------------------- ##
## Running config.status. ##
## ---------------------- ##

This file was extended by config.status, which was
generated by GNU Autoconf 2.59.  Invocation command line was

  CONFIG_FILES    = 
  CONFIG_HEADERS  = 
  CONFIG_LINKS    = 
  CONFIG_COMMANDS = 
  $ ./config.status 

on Olikass-MacBook-Air.local

config.status:634: creating tcl/i386-apple-darwin14.0.0/Makefile
config.status:634: creating tcl/win32/Makefile

## ---------------- ##
## Cache variables. ##
## ---------------- ##

ac_cv_build=i386-apple-darwin14.0.0
ac_cv_build_alias=i386-apple-darwin14.0.0
ac_cv_env_build_alias_set=
ac_cv_env_build_alias_value=
ac_cv_env_host_alias_set=
ac_cv_env_host_alias_value=
ac_cv_env_target_alias_set=
ac_cv_env_target_alias_value=
ac_cv_host=i386-apple-darwin14.0.0
ac_cv_host_alias=i386-apple-darwin14.0.0

## ----------------- ##
## Output variables. ##
## ----------------- ##

DEFS='-DPACKAGE_NAME=\"\" -DPACKAGE_TARNAME=\"\" -DPACKAGE_VERSION=\"\" -DPACKAGE_STRING=\"\" -DPACKAGE_BUGREPORT=\"\" '
ECHO_C='ECHO_N=''
ECHO_T=''
LIBOBJS=''
LIBS=''
LTLIBOBJS=''
PACKAGE_BUGREPORT=''
PACKAGE_NAME=''
PACKAGE_STRING=''
PACKAGE_TARNAME=''
PACKAGE_VERSION=''
PATH_SEPARATOR=':'
SHELL='/bin/sh'
TCL_TAR=''
bindir='${exec_prefix}/bin'
build='i386-apple-darwin14.0.0'
build_alias=''
build_cpu='i386'
build_os='darwin14.0.0'
build_vendor='apple'
datadir='${prefix}/share'
exec_prefix='${prefix}'
host='i386-apple-darwin14.0.0'
host_alias=''
host_cpu='i386'
host_os='darwin14.0.0'
host_vendor='apple'
includedir='${prefix}/include'
infodir='${prefix}/info'
libdir='${exec_prefix}/lib'
libexecdir='${exec_prefix}/libexec'
localstatedir='${prefix}/var'
mandir='${prefix}/man'
oldincludedir='/usr/include'
prefix='/usr/local'
program_transform_name='s,x,x,'
sbindir='${exec_prefix}/sbin'
sharedstatedir='${prefix}/com'
sysconfdir='${prefix}/etc'
target_alias=''

## ----------- ##
## confdefs.h. ##
## ----------- ##

#define PACKAGE_BUGREPORT ""
#define PACKAGE_NAME ""
#define PACKAGE_STRING ""
#define PACKAGE_TARNAME ""
#define PACKAGE_VERSION ""

configure: exit 0
