This file contains any messages produced by compilers while
running configure, to aid debugging if configure makes a mistake.

It was created by configure, which was
generated by GNU Autoconf 2.59.  Invocation command line was

  $ /Users/olahgabor/Documents/git/refactorerl/otp_src_R12B-5/lib/odbc/./configure --prefix=/usr/local --prefix=/usr/local --cache-file=/dev/null --srcdir=/Users/olahgabor/Documents/git/refactorerl/otp_src_R12B-5/lib --cache-file=/dev/null --srcdir=/Users/olahgabor/Documents/git/refactorerl/otp_src_R12B-5/lib/odbc/.

## --------- ##
## Platform. ##
## --------- ##

hostname = Olikass-MacBook-Air.local
uname -m = x86_64
uname -r = 14.0.0
uname -s = Darwin
uname -v = Darwin Kernel Version 14.0.0: Fri Sep 19 00:26:44 PDT 2014; root:xnu-2782.1.97~2/RELEASE_X86_64

/usr/bin/uname -p = i386
/bin/uname -X     = unknown

/bin/arch              = unknown
/usr/bin/arch -k       = unknown
/usr/convex/getsysinfo = unknown
hostinfo               = Mach kernel version:
	 Darwin Kernel Version 14.0.0: Fri Sep 19 00:26:44 PDT 2014; root:xnu-2782.1.97~2/RELEASE_X86_64
Kernel configured for up to 4 processors.
2 processors are physically available.
4 processors are logically available.
Processor type: x86_64h (Intel x86-64h Haswell)
Processors active: 0 1 2 3
Primary memory available: 8.00 gigabytes
Default processor set: 252 tasks, 1179 threads, 4 processors
Load average: 2.44, Mach factor: 1.91
/bin/machine           = unknown
/usr/bin/oslevel       = unknown
/bin/universe          = unknown

PATH: /usr/local/bin
PATH: /usr/bin
PATH: /bin
PATH: /usr/sbin
PATH: /sbin
PATH: /opt/X11/bin
PATH: /usr/texbin


## ----------- ##
## Core tests. ##
## ----------- ##

configure:1338: checking build system type
configure:1356: result: i386-apple-darwin14.0.0
configure:1364: checking host system type
configure:1378: result: i386-apple-darwin14.0.0
configure:1436: checking for gcc
configure:1452: found /usr/bin/gcc
configure:1462: result: gcc
configure:1706: checking for C compiler version
configure:1709: gcc --version </dev/null >&5
Configured with: --prefix=/Applications/Xcode.app/Contents/Developer/usr --with-gxx-include-dir=/usr/include/c++/4.2.1
Apple LLVM version 6.0 (clang-600.0.56) (based on LLVM 3.5svn)
Target: x86_64-apple-darwin14.0.0
Thread model: posix
configure:1712: $? = 0
configure:1714: gcc -v </dev/null >&5
Configured with: --prefix=/Applications/Xcode.app/Contents/Developer/usr --with-gxx-include-dir=/usr/include/c++/4.2.1
Apple LLVM version 6.0 (clang-600.0.56) (based on LLVM 3.5svn)
Target: x86_64-apple-darwin14.0.0
Thread model: posix
configure:1717: $? = 0
configure:1719: gcc -V </dev/null >&5
clang: error: argument to '-V' is missing (expected 1 value)
clang: error: no input files
configure:1722: $? = 1
configure:1745: checking for C compiler default output file name
configure:1748: gcc    conftest.c  >&5
configure:1751: $? = 0
configure:1797: result: a.out
configure:1802: checking whether the C compiler works
configure:1808: ./a.out
configure:1811: $? = 0
configure:1828: result: yes
configure:1835: checking whether we are cross compiling
configure:1837: result: no
configure:1840: checking for suffix of executables
configure:1842: gcc -o conftest    conftest.c  >&5
configure:1845: $? = 0
configure:1870: result: 
configure:1876: checking for suffix of object files
configure:1897: gcc -c   conftest.c >&5
configure:1900: $? = 0
configure:1922: result: o
configure:1926: checking whether we are using the GNU C compiler
configure:1950: gcc -c   conftest.c >&5
configure:1956: $? = 0
configure:1960: test -z 
			 || test ! -s conftest.err
configure:1963: $? = 0
configure:1966: test -s conftest.o
configure:1969: $? = 0
configure:1982: result: yes
configure:1988: checking whether gcc accepts -g
configure:2009: gcc -c -g  conftest.c >&5
configure:2015: $? = 0
configure:2019: test -z 
			 || test ! -s conftest.err
configure:2022: $? = 0
configure:2025: test -s conftest.o
configure:2028: $? = 0
configure:2039: result: yes
configure:2056: checking for gcc option to accept ANSI C
configure:2126: gcc  -c -g -O2  conftest.c >&5
configure:2132: $? = 0
configure:2136: test -z 
			 || test ! -s conftest.err
configure:2139: $? = 0
configure:2142: test -s conftest.o
configure:2145: $? = 0
configure:2163: result: none needed
configure:2181: gcc -c -g -O2  conftest.c >&5
conftest.c:2:3: error: unknown type name 'choke'
  choke me
  ^
conftest.c:2:11: error: expected ';' after top level declarator
  choke me
          ^
          ;
2 errors generated.
configure:2187: $? = 1
configure: failed program was:
| #ifndef __cplusplus
|   choke me
| #endif
configure:2321: checking for mixed cygwin and native VC++ environment
configure:2337: result: no
configure:2343: checking whether make sets $(MAKE)
configure:2363: result: yes
configure:2376: checking for ld.sh
configure:2405: result: no
configure:2376: checking for ld
configure:2392: found /usr/bin/ld
configure:2402: result: ld
configure:2435: checking for connect
configure:2492: gcc -o conftest -g -O2   conftest.c  >&5
configure:2498: $? = 0
configure:2502: test -z 
			 || test ! -s conftest.err
configure:2505: $? = 0
configure:2508: test -s conftest
configure:2511: $? = 0
configure:2523: result: yes
configure:2703: checking for gethostbyname
configure:2760: gcc -o conftest -g -O2   conftest.c  >&5
configure:2766: $? = 0
configure:2770: test -z 
			 || test ! -s conftest.err
configure:2773: $? = 0
configure:2776: test -s conftest
configure:2779: $? = 0
configure:2791: result: yes
configure:2866: checking how to run the C preprocessor
configure:2901: gcc -E  conftest.c
configure:2907: $? = 0
configure:2939: gcc -E  conftest.c
conftest.c:9:10: fatal error: 'ac_nonexistent.h' file not found
#include <ac_nonexistent.h>
         ^
1 error generated.
configure:2945: $? = 1
configure: failed program was:
| /* confdefs.h.  */
| 
| #define PACKAGE_NAME ""
| #define PACKAGE_TARNAME ""
| #define PACKAGE_VERSION ""
| #define PACKAGE_STRING ""
| #define PACKAGE_BUGREPORT ""
| /* end confdefs.h.  */
| #include <ac_nonexistent.h>
configure:2984: result: gcc -E
configure:3008: gcc -E  conftest.c
configure:3014: $? = 0
configure:3046: gcc -E  conftest.c
conftest.c:9:10: fatal error: 'ac_nonexistent.h' file not found
#include <ac_nonexistent.h>
         ^
1 error generated.
configure:3052: $? = 1
configure: failed program was:
| /* confdefs.h.  */
| 
| #define PACKAGE_NAME ""
| #define PACKAGE_TARNAME ""
| #define PACKAGE_VERSION ""
| #define PACKAGE_STRING ""
| #define PACKAGE_BUGREPORT ""
| /* end confdefs.h.  */
| #include <ac_nonexistent.h>
configure:3096: checking for egrep
configure:3106: result: grep -E
configure:3111: checking for ANSI C header files
configure:3136: gcc -c -g -O2  conftest.c >&5
configure:3142: $? = 0
configure:3146: test -z 
			 || test ! -s conftest.err
configure:3149: $? = 0
configure:3152: test -s conftest.o
configure:3155: $? = 0
configure:3244: gcc -o conftest -g -O2   conftest.c  >&5
conftest.c:26:7: warning: implicitly declaring library function 'exit' with type 'void (int) __attribute__((noreturn))'
      exit(2);
      ^
conftest.c:26:7: note: please include the header <stdlib.h> or explicitly provide a declaration for 'exit'
1 warning generated.
configure:3247: $? = 0
configure:3249: ./conftest
configure:3252: $? = 0
configure:3267: result: yes
configure:3695: checking fcntl.h usability
configure:3707: gcc -c -g -O2  conftest.c >&5
configure:3713: $? = 0
configure:3717: test -z 
			 || test ! -s conftest.err
configure:3720: $? = 0
configure:3723: test -s conftest.o
configure:3726: $? = 0
configure:3736: result: yes
configure:3740: checking fcntl.h presence
configure:3750: gcc -E  conftest.c
configure:3756: $? = 0
configure:3776: result: yes
configure:3811: checking for fcntl.h
configure:3818: result: yes
configure:3695: checking netdb.h usability
configure:3707: gcc -c -g -O2  conftest.c >&5
configure:3713: $? = 0
configure:3717: test -z 
			 || test ! -s conftest.err
configure:3720: $? = 0
configure:3723: test -s conftest.o
configure:3726: $? = 0
configure:3736: result: yes
configure:3740: checking netdb.h presence
configure:3750: gcc -E  conftest.c
configure:3756: $? = 0
configure:3776: result: yes
configure:3811: checking for netdb.h
configure:3818: result: yes
configure:3695: checking stdlib.h usability
configure:3707: gcc -c -g -O2  conftest.c >&5
configure:3713: $? = 0
configure:3717: test -z 
			 || test ! -s conftest.err
configure:3720: $? = 0
configure:3723: test -s conftest.o
configure:3726: $? = 0
configure:3736: result: yes
configure:3740: checking stdlib.h presence
configure:3750: gcc -E  conftest.c
configure:3756: $? = 0
configure:3776: result: yes
configure:3811: checking for stdlib.h
configure:3818: result: yes
configure:3695: checking string.h usability
configure:3707: gcc -c -g -O2  conftest.c >&5
configure:3713: $? = 0
configure:3717: test -z 
			 || test ! -s conftest.err
configure:3720: $? = 0
configure:3723: test -s conftest.o
configure:3726: $? = 0
configure:3736: result: yes
configure:3740: checking string.h presence
configure:3750: gcc -E  conftest.c
configure:3756: $? = 0
configure:3776: result: yes
configure:3811: checking for string.h
configure:3818: result: yes
configure:3695: checking sys/socket.h usability
configure:3707: gcc -c -g -O2  conftest.c >&5
configure:3713: $? = 0
configure:3717: test -z 
			 || test ! -s conftest.err
configure:3720: $? = 0
configure:3723: test -s conftest.o
configure:3726: $? = 0
configure:3736: result: yes
configure:3740: checking sys/socket.h presence
configure:3750: gcc -E  conftest.c
configure:3756: $? = 0
configure:3776: result: yes
configure:3811: checking for sys/socket.h
configure:3818: result: yes
configure:3832: checking for an ANSI C-conforming const
configure:3899: gcc -c -g -O2  conftest.c >&5
configure:3905: $? = 0
configure:3909: test -z 
			 || test ! -s conftest.err
configure:3912: $? = 0
configure:3915: test -s conftest.o
configure:3918: $? = 0
configure:3929: result: yes
configure:3939: checking for size_t
configure:3963: gcc -c -g -O2  conftest.c >&5
configure:3969: $? = 0
configure:3973: test -z 
			 || test ! -s conftest.err
configure:3976: $? = 0
configure:3979: test -s conftest.o
configure:3982: $? = 0
configure:3993: result: yes
configure:4011: checking for memset
configure:4068: gcc -o conftest -g -O2   conftest.c  >&5
conftest.c:39:6: warning: incompatible redeclaration of library function 'memset' [-Wincompatible-library-redeclaration]
char memset ();
     ^
conftest.c:39:6: note: 'memset' is a builtin with type 'void *(void *, int, unsigned long)'
1 warning generated.
configure:4074: $? = 0
configure:4078: test -z 
			 || test ! -s conftest.err
configure:4081: $? = 0
configure:4084: test -s conftest
configure:4087: $? = 0
configure:4099: result: yes
configure:4011: checking for socket
configure:4068: gcc -o conftest -g -O2   conftest.c  >&5
configure:4074: $? = 0
configure:4078: test -z 
			 || test ! -s conftest.err
configure:4081: $? = 0
configure:4084: test -s conftest
configure:4087: $? = 0
configure:4099: result: yes
configure:4120: checking for pthread_create in -lpthread
configure:4150: gcc -o conftest -g -O2   conftest.c -lpthread   >&5
configure:4156: $? = 0
configure:4160: test -z 
			 || test ! -s conftest.err
configure:4163: $? = 0
configure:4166: test -s conftest
configure:4169: $? = 0
configure:4182: result: yes
configure:4202: checking for SQLAllocHandle in -liodbc
configure:4232: gcc -o conftest -g -O2   conftest.c -liodbc   -lpthread >&5
configure:4238: $? = 0
configure:4242: test -z 
			 || test ! -s conftest.err
configure:4245: $? = 0
configure:4248: test -s conftest
configure:4251: $? = 0
configure:4264: result: yes
configure:4736: creating ./config.status

## ---------------------- ##
## Running config.status. ##
## ---------------------- ##

This file was extended by config.status, which was
generated by GNU Autoconf 2.59.  Invocation command line was

  CONFIG_FILES    = 
  CONFIG_HEADERS  = 
  CONFIG_LINKS    = 
  CONFIG_COMMANDS = 
  $ ./config.status 

on Olikass-MacBook-Air.local

config.status:647: creating c_src/i386-apple-darwin14.0.0/Makefile

## ---------------- ##
## Cache variables. ##
## ---------------- ##

ac_cv_build=i386-apple-darwin14.0.0
ac_cv_build_alias=i386-apple-darwin14.0.0
ac_cv_c_compiler_gnu=yes
ac_cv_c_const=yes
ac_cv_env_CC_set=
ac_cv_env_CC_value=
ac_cv_env_CFLAGS_set=
ac_cv_env_CFLAGS_value=
ac_cv_env_CPPFLAGS_set=
ac_cv_env_CPPFLAGS_value=
ac_cv_env_CPP_set=
ac_cv_env_CPP_value=
ac_cv_env_LDFLAGS_set=
ac_cv_env_LDFLAGS_value=
ac_cv_env_build_alias_set=
ac_cv_env_build_alias_value=
ac_cv_env_host_alias_set=
ac_cv_env_host_alias_value=
ac_cv_env_target_alias_set=
ac_cv_env_target_alias_value=
ac_cv_exeext=
ac_cv_func_connect=yes
ac_cv_func_gethostbyname=yes
ac_cv_func_memset=yes
ac_cv_func_socket=yes
ac_cv_header_fcntl_h=yes
ac_cv_header_netdb_h=yes
ac_cv_header_stdc=yes
ac_cv_header_stdlib_h=yes
ac_cv_header_string_h=yes
ac_cv_header_sys_socket_h=yes
ac_cv_host=i386-apple-darwin14.0.0
ac_cv_host_alias=i386-apple-darwin14.0.0
ac_cv_lib_iodbc_SQLAllocHandle=yes
ac_cv_lib_pthread_pthread_create=yes
ac_cv_objext=o
ac_cv_prog_CPP='gcc -E'
ac_cv_prog_DED_LD=ld
ac_cv_prog_ac_ct_CC=gcc
ac_cv_prog_cc_g=yes
ac_cv_prog_cc_stdc=
ac_cv_prog_egrep='grep -E'
ac_cv_prog_make_make_set=yes
ac_cv_type_size_t=yes

## ----------------- ##
## Output variables. ##
## ----------------- ##

CC='gcc'
CFLAGS='-g -O2'
CPP='gcc -E'
CPPFLAGS=''
DED_LD='ld'
DEFS='-DPACKAGE_NAME=\"\" -DPACKAGE_TARNAME=\"\" -DPACKAGE_VERSION=\"\" -DPACKAGE_STRING=\"\" -DPACKAGE_BUGREPORT=\"\" -DSTDC_HEADERS=1 -DHAVE_FCNTL_H=1 -DHAVE_NETDB_H=1 -DHAVE_STDLIB_H=1 -DHAVE_STRING_H=1 -DHAVE_SYS_SOCKET_H=1 -DHAVE_MEMSET=1 -DHAVE_SOCKET=1 -DHAVE_LIBPTHREAD=1 '
ECHO_C='ECHO_N=''
ECHO_T=''
EGREP='grep -E'
EXEEXT=''
LDFLAGS=''
LIBOBJS=''
LIBS=' -lpthread'
LTLIBOBJS=''
MIXED_CYGWIN_VC='no'
OBJEXT='o'
ODBC_INCLUDE='-I/usr/lib/include'
ODBC_LIB=' -liodbc'
PACKAGE_BUGREPORT=''
PACKAGE_NAME=''
PACKAGE_STRING=''
PACKAGE_TARNAME=''
PACKAGE_VERSION=''
PATH_SEPARATOR=':'
SET_MAKE=''
SHELL='/bin/sh'
TARGET_FLAGS='-DUNIX'
ac_ct_CC='gcc'
bindir='${exec_prefix}/bin'
build='i386-apple-darwin14.0.0'
build_alias=''
build_cpu='i386'
build_os='darwin14.0.0'
build_vendor='apple'
datadir='${prefix}/share'
exec_prefix='${prefix}'
host='i386-apple-darwin14.0.0'
host_alias=''
host_cpu='i386'
host_os='darwin14.0.0'
host_vendor='apple'
includedir='${prefix}/include'
infodir='${prefix}/info'
libdir='${exec_prefix}/lib'
libexecdir='${exec_prefix}/libexec'
localstatedir='${prefix}/var'
mandir='${prefix}/man'
oldincludedir='/usr/include'
prefix='/usr/local'
program_transform_name='s,x,x,'
sbindir='${exec_prefix}/sbin'
sharedstatedir='${prefix}/com'
sysconfdir='${prefix}/etc'
target_alias=''

## ----------- ##
## confdefs.h. ##
## ----------- ##

#define HAVE_FCNTL_H 1
#define HAVE_LIBPTHREAD 1
#define HAVE_MEMSET 1
#define HAVE_NETDB_H 1
#define HAVE_SOCKET 1
#define HAVE_STDLIB_H 1
#define HAVE_STRING_H 1
#define HAVE_SYS_SOCKET_H 1
#define PACKAGE_BUGREPORT ""
#define PACKAGE_NAME ""
#define PACKAGE_STRING ""
#define PACKAGE_TARNAME ""
#define PACKAGE_VERSION ""
#define STDC_HEADERS 1

configure: exit 0
