This file contains any messages produced by compilers while
running configure, to aid debugging if configure makes a mistake.

It was created by configure, which was
generated by GNU Autoconf 2.59.  Invocation command line was

  $ /Users/olahgabor/Documents/git/refactorerl/otp_src_R12B-5/lib/erl_interface/./configure --prefix=/usr/local --prefix=/usr/local --cache-file=/dev/null --srcdir=/Users/olahgabor/Documents/git/refactorerl/otp_src_R12B-5/lib --cache-file=/dev/null --srcdir=/Users/olahgabor/Documents/git/refactorerl/otp_src_R12B-5/lib/erl_interface/.

## --------- ##
## Platform. ##
## --------- ##

hostname = Olikass-MacBook-Air.local
uname -m = x86_64
uname -r = 14.0.0
uname -s = Darwin
uname -v = Darwin Kernel Version 14.0.0: Fri Sep 19 00:26:44 PDT 2014; root:xnu-2782.1.97~2/RELEASE_X86_64

/usr/bin/uname -p = i386
/bin/uname -X     = unknown

/bin/arch              = unknown
/usr/bin/arch -k       = unknown
/usr/convex/getsysinfo = unknown
hostinfo               = Mach kernel version:
	 Darwin Kernel Version 14.0.0: Fri Sep 19 00:26:44 PDT 2014; root:xnu-2782.1.97~2/RELEASE_X86_64
Kernel configured for up to 4 processors.
2 processors are physically available.
4 processors are logically available.
Processor type: x86_64h (Intel x86-64h Haswell)
Processors active: 0 1 2 3
Primary memory available: 8.00 gigabytes
Default processor set: 250 tasks, 1178 threads, 4 processors
Load average: 4.00, Mach factor: 0.89
/bin/machine           = unknown
/usr/bin/oslevel       = unknown
/bin/universe          = unknown

PATH: /usr/local/bin
PATH: /usr/bin
PATH: /bin
PATH: /usr/sbin
PATH: /sbin
PATH: /opt/X11/bin
PATH: /usr/texbin


## ----------- ##
## Core tests. ##
## ----------- ##

configure:1360: checking build system type
configure:1378: result: i386-apple-darwin14.0.0
configure:1386: checking host system type
configure:1400: result: i386-apple-darwin14.0.0
configure:1479: checking for gcc
configure:1495: found /usr/bin/gcc
configure:1505: result: gcc
configure:1749: checking for C compiler version
configure:1752: gcc --version </dev/null >&5
Configured with: --prefix=/Applications/Xcode.app/Contents/Developer/usr --with-gxx-include-dir=/usr/include/c++/4.2.1
Apple LLVM version 6.0 (clang-600.0.56) (based on LLVM 3.5svn)
Target: x86_64-apple-darwin14.0.0
Thread model: posix
configure:1755: $? = 0
configure:1757: gcc -v </dev/null >&5
Configured with: --prefix=/Applications/Xcode.app/Contents/Developer/usr --with-gxx-include-dir=/usr/include/c++/4.2.1
Apple LLVM version 6.0 (clang-600.0.56) (based on LLVM 3.5svn)
Target: x86_64-apple-darwin14.0.0
Thread model: posix
configure:1760: $? = 0
configure:1762: gcc -V </dev/null >&5
clang: error: argument to '-V' is missing (expected 1 value)
clang: error: no input files
configure:1765: $? = 1
configure:1788: checking for C compiler default output file name
configure:1791: gcc    conftest.c  >&5
configure:1794: $? = 0
configure:1840: result: a.out
configure:1845: checking whether the C compiler works
configure:1851: ./a.out
configure:1854: $? = 0
configure:1871: result: yes
configure:1878: checking whether we are cross compiling
configure:1880: result: no
configure:1883: checking for suffix of executables
configure:1885: gcc -o conftest    conftest.c  >&5
configure:1888: $? = 0
configure:1913: result: 
configure:1919: checking for suffix of object files
configure:1940: gcc -c   conftest.c >&5
configure:1943: $? = 0
configure:1965: result: o
configure:1969: checking whether we are using the GNU C compiler
configure:1993: gcc -c   conftest.c >&5
configure:1999: $? = 0
configure:2003: test -z 
			 || test ! -s conftest.err
configure:2006: $? = 0
configure:2009: test -s conftest.o
configure:2012: $? = 0
configure:2025: result: yes
configure:2031: checking whether gcc accepts -g
configure:2052: gcc -c -g  conftest.c >&5
configure:2058: $? = 0
configure:2062: test -z 
			 || test ! -s conftest.err
configure:2065: $? = 0
configure:2068: test -s conftest.o
configure:2071: $? = 0
configure:2082: result: yes
configure:2099: checking for gcc option to accept ANSI C
configure:2169: gcc  -c -g -O2  conftest.c >&5
configure:2175: $? = 0
configure:2179: test -z 
			 || test ! -s conftest.err
configure:2182: $? = 0
configure:2185: test -s conftest.o
configure:2188: $? = 0
configure:2206: result: none needed
configure:2224: gcc -c -g -O2  conftest.c >&5
conftest.c:2:3: error: unknown type name 'choke'
  choke me
  ^
conftest.c:2:11: error: expected ';' after top level declarator
  choke me
          ^
          ;
2 errors generated.
configure:2230: $? = 1
configure: failed program was:
| #ifndef __cplusplus
|   choke me
| #endif
configure:2368: checking how to run the C preprocessor
configure:2403: gcc -E  conftest.c
configure:2409: $? = 0
configure:2441: gcc -E  conftest.c
conftest.c:9:10: fatal error: 'ac_nonexistent.h' file not found
#include <ac_nonexistent.h>
         ^
1 error generated.
configure:2447: $? = 1
configure: failed program was:
| /* confdefs.h.  */
| 
| #define PACKAGE_NAME ""
| #define PACKAGE_TARNAME ""
| #define PACKAGE_VERSION ""
| #define PACKAGE_STRING ""
| #define PACKAGE_BUGREPORT ""
| /* end confdefs.h.  */
| #include <ac_nonexistent.h>
configure:2486: result: gcc -E
configure:2510: gcc -E  conftest.c
configure:2516: $? = 0
configure:2548: gcc -E  conftest.c
conftest.c:9:10: fatal error: 'ac_nonexistent.h' file not found
#include <ac_nonexistent.h>
         ^
1 error generated.
configure:2554: $? = 1
configure: failed program was:
| /* confdefs.h.  */
| 
| #define PACKAGE_NAME ""
| #define PACKAGE_TARNAME ""
| #define PACKAGE_VERSION ""
| #define PACKAGE_STRING ""
| #define PACKAGE_BUGREPORT ""
| /* end confdefs.h.  */
| #include <ac_nonexistent.h>
configure:2638: checking for ranlib
configure:2654: found /usr/bin/ranlib
configure:2665: result: ranlib
configure:2680: checking for egrep
configure:2690: result: grep -E
configure:2695: checking for ANSI C header files
configure:2720: gcc -c -g -O2  conftest.c >&5
configure:2726: $? = 0
configure:2730: test -z 
			 || test ! -s conftest.err
configure:2733: $? = 0
configure:2736: test -s conftest.o
configure:2739: $? = 0
configure:2828: gcc -o conftest -g -O2   conftest.c  >&5
conftest.c:26:7: warning: implicitly declaring library function 'exit' with type 'void (int) __attribute__((noreturn))'
      exit(2);
      ^
conftest.c:26:7: note: please include the header <stdlib.h> or explicitly provide a declaration for 'exit'
1 warning generated.
configure:2831: $? = 0
configure:2833: ./conftest
configure:2836: $? = 0
configure:2851: result: yes
configure:2875: checking for sys/types.h
configure:2891: gcc -c -g -O2  conftest.c >&5
configure:2897: $? = 0
configure:2901: test -z 
			 || test ! -s conftest.err
configure:2904: $? = 0
configure:2907: test -s conftest.o
configure:2910: $? = 0
configure:2921: result: yes
configure:2875: checking for sys/stat.h
configure:2891: gcc -c -g -O2  conftest.c >&5
configure:2897: $? = 0
configure:2901: test -z 
			 || test ! -s conftest.err
configure:2904: $? = 0
configure:2907: test -s conftest.o
configure:2910: $? = 0
configure:2921: result: yes
configure:2875: checking for stdlib.h
configure:2891: gcc -c -g -O2  conftest.c >&5
configure:2897: $? = 0
configure:2901: test -z 
			 || test ! -s conftest.err
configure:2904: $? = 0
configure:2907: test -s conftest.o
configure:2910: $? = 0
configure:2921: result: yes
configure:2875: checking for string.h
configure:2891: gcc -c -g -O2  conftest.c >&5
configure:2897: $? = 0
configure:2901: test -z 
			 || test ! -s conftest.err
configure:2904: $? = 0
configure:2907: test -s conftest.o
configure:2910: $? = 0
configure:2921: result: yes
configure:2875: checking for memory.h
configure:2891: gcc -c -g -O2  conftest.c >&5
configure:2897: $? = 0
configure:2901: test -z 
			 || test ! -s conftest.err
configure:2904: $? = 0
configure:2907: test -s conftest.o
configure:2910: $? = 0
configure:2921: result: yes
configure:2875: checking for strings.h
configure:2891: gcc -c -g -O2  conftest.c >&5
configure:2897: $? = 0
configure:2901: test -z 
			 || test ! -s conftest.err
configure:2904: $? = 0
configure:2907: test -s conftest.o
configure:2910: $? = 0
configure:2921: result: yes
configure:2875: checking for inttypes.h
configure:2891: gcc -c -g -O2  conftest.c >&5
configure:2897: $? = 0
configure:2901: test -z 
			 || test ! -s conftest.err
configure:2904: $? = 0
configure:2907: test -s conftest.o
configure:2910: $? = 0
configure:2921: result: yes
configure:2875: checking for stdint.h
configure:2891: gcc -c -g -O2  conftest.c >&5
configure:2897: $? = 0
configure:2901: test -z 
			 || test ! -s conftest.err
configure:2904: $? = 0
configure:2907: test -s conftest.o
configure:2910: $? = 0
configure:2921: result: yes
configure:2875: checking for unistd.h
configure:2891: gcc -c -g -O2  conftest.c >&5
configure:2897: $? = 0
configure:2901: test -z 
			 || test ! -s conftest.err
configure:2904: $? = 0
configure:2907: test -s conftest.o
configure:2910: $? = 0
configure:2921: result: yes
configure:2933: checking for short
configure:2957: gcc -c -g -O2  conftest.c >&5
configure:2963: $? = 0
configure:2967: test -z 
			 || test ! -s conftest.err
configure:2970: $? = 0
configure:2973: test -s conftest.o
configure:2976: $? = 0
configure:2987: result: yes
configure:2990: checking size of short
configure:3309: gcc -o conftest -g -O2   conftest.c  >&5
configure:3312: $? = 0
configure:3314: ./conftest
configure:3317: $? = 0
configure:3340: result: 2
configure:3346: checking for int
configure:3370: gcc -c -g -O2  conftest.c >&5
configure:3376: $? = 0
configure:3380: test -z 
			 || test ! -s conftest.err
configure:3383: $? = 0
configure:3386: test -s conftest.o
configure:3389: $? = 0
configure:3400: result: yes
configure:3403: checking size of int
configure:3722: gcc -o conftest -g -O2   conftest.c  >&5
configure:3725: $? = 0
configure:3727: ./conftest
configure:3730: $? = 0
configure:3753: result: 4
configure:3759: checking for long
configure:3783: gcc -c -g -O2  conftest.c >&5
configure:3789: $? = 0
configure:3793: test -z 
			 || test ! -s conftest.err
configure:3796: $? = 0
configure:3799: test -s conftest.o
configure:3802: $? = 0
configure:3813: result: yes
configure:3816: checking size of long
configure:4135: gcc -o conftest -g -O2   conftest.c  >&5
configure:4138: $? = 0
configure:4140: ./conftest
configure:4143: $? = 0
configure:4166: result: 8
configure:4172: checking for void *
configure:4196: gcc -c -g -O2  conftest.c >&5
configure:4202: $? = 0
configure:4206: test -z 
			 || test ! -s conftest.err
configure:4209: $? = 0
configure:4212: test -s conftest.o
configure:4215: $? = 0
configure:4226: result: yes
configure:4229: checking size of void *
configure:4548: gcc -o conftest -g -O2   conftest.c  >&5
configure:4551: $? = 0
configure:4553: ./conftest
configure:4556: $? = 0
configure:4579: result: 8
configure:4585: checking for long long
configure:4609: gcc -c -g -O2  conftest.c >&5
configure:4615: $? = 0
configure:4619: test -z 
			 || test ! -s conftest.err
configure:4622: $? = 0
configure:4625: test -s conftest.o
configure:4628: $? = 0
configure:4639: result: yes
configure:4642: checking size of long long
configure:4961: gcc -o conftest -g -O2   conftest.c  >&5
configure:4964: $? = 0
configure:4966: ./conftest
configure:4969: $? = 0
configure:4992: result: 8
configure:5006: checking for ar
configure:5022: found /usr/bin/ar
configure:5033: result: ar
configure:5069: checking for a BSD-compatible install
configure:5124: result: /usr/bin/install -c
configure:5135: checking how to create a directory including parents
configure:5156: result: /usr/bin/install -c -d
configure:5177: checking for gethostbyname in -lnsl
configure:5207: gcc -o conftest -g -O2 -DEI_64BIT   conftest.c -lnsl   >&5
ld: library not found for -lnsl
clang: error: linker command failed with exit code 1 (use -v to see invocation)
configure:5213: $? = 1
configure: failed program was:
| /* confdefs.h.  */
| 
| #define PACKAGE_NAME ""
| #define PACKAGE_TARNAME ""
| #define PACKAGE_VERSION ""
| #define PACKAGE_STRING ""
| #define PACKAGE_BUGREPORT ""
| #define STDC_HEADERS 1
| #define HAVE_SYS_TYPES_H 1
| #define HAVE_SYS_STAT_H 1
| #define HAVE_STDLIB_H 1
| #define HAVE_STRING_H 1
| #define HAVE_MEMORY_H 1
| #define HAVE_STRINGS_H 1
| #define HAVE_INTTYPES_H 1
| #define HAVE_STDINT_H 1
| #define HAVE_UNISTD_H 1
| #define SIZEOF_SHORT 2
| #define SIZEOF_INT 4
| #define SIZEOF_LONG 8
| #define SIZEOF_VOID_P 8
| #define SIZEOF_LONG_LONG 8
| /* end confdefs.h.  */
| 
| /* Override any gcc2 internal prototype to avoid an error.  */
| #ifdef __cplusplus
| extern "C"
| #endif
| /* We use char because int might match the return type of a gcc2
|    builtin and then its argument prototype would still apply.  */
| char gethostbyname ();
| int
| main ()
| {
| gethostbyname ();
|   ;
|   return 0;
| }
configure:5239: result: no
configure:5251: checking for getpeername in -lsocket
configure:5281: gcc -o conftest -g -O2 -DEI_64BIT   conftest.c -lsocket   >&5
ld: library not found for -lsocket
clang: error: linker command failed with exit code 1 (use -v to see invocation)
configure:5287: $? = 1
configure: failed program was:
| /* confdefs.h.  */
| 
| #define PACKAGE_NAME ""
| #define PACKAGE_TARNAME ""
| #define PACKAGE_VERSION ""
| #define PACKAGE_STRING ""
| #define PACKAGE_BUGREPORT ""
| #define STDC_HEADERS 1
| #define HAVE_SYS_TYPES_H 1
| #define HAVE_SYS_STAT_H 1
| #define HAVE_STDLIB_H 1
| #define HAVE_STRING_H 1
| #define HAVE_MEMORY_H 1
| #define HAVE_STRINGS_H 1
| #define HAVE_INTTYPES_H 1
| #define HAVE_STDINT_H 1
| #define HAVE_UNISTD_H 1
| #define SIZEOF_SHORT 2
| #define SIZEOF_INT 4
| #define SIZEOF_LONG 8
| #define SIZEOF_VOID_P 8
| #define SIZEOF_LONG_LONG 8
| /* end confdefs.h.  */
| 
| /* Override any gcc2 internal prototype to avoid an error.  */
| #ifdef __cplusplus
| extern "C"
| #endif
| /* We use char because int might match the return type of a gcc2
|    builtin and then its argument prototype would still apply.  */
| char getpeername ();
| int
| main ()
| {
| getpeername ();
|   ;
|   return 0;
| }
configure:5313: result: no
configure:5326: checking for ANSI C header files
configure:5482: result: yes
configure:5492: checking for sys/wait.h that is POSIX.1 compatible
configure:5523: gcc -c -g -O2 -DEI_64BIT  conftest.c >&5
configure:5529: $? = 0
configure:5533: test -z 
			 || test ! -s conftest.err
configure:5536: $? = 0
configure:5539: test -s conftest.o
configure:5542: $? = 0
configure:5553: result: yes
configure:5591: checking arpa/inet.h usability
configure:5603: gcc -c -g -O2 -DEI_64BIT  conftest.c >&5
configure:5609: $? = 0
configure:5613: test -z 
			 || test ! -s conftest.err
configure:5616: $? = 0
configure:5619: test -s conftest.o
configure:5622: $? = 0
configure:5632: result: yes
configure:5636: checking arpa/inet.h presence
configure:5646: gcc -E  conftest.c
configure:5652: $? = 0
configure:5672: result: yes
configure:5707: checking for arpa/inet.h
configure:5714: result: yes
configure:5591: checking fcntl.h usability
configure:5603: gcc -c -g -O2 -DEI_64BIT  conftest.c >&5
configure:5609: $? = 0
configure:5613: test -z 
			 || test ! -s conftest.err
configure:5616: $? = 0
configure:5619: test -s conftest.o
configure:5622: $? = 0
configure:5632: result: yes
configure:5636: checking fcntl.h presence
configure:5646: gcc -E  conftest.c
configure:5652: $? = 0
configure:5672: result: yes
configure:5707: checking for fcntl.h
configure:5714: result: yes
configure:5591: checking limits.h usability
configure:5603: gcc -c -g -O2 -DEI_64BIT  conftest.c >&5
configure:5609: $? = 0
configure:5613: test -z 
			 || test ! -s conftest.err
configure:5616: $? = 0
configure:5619: test -s conftest.o
configure:5622: $? = 0
configure:5632: result: yes
configure:5636: checking limits.h presence
configure:5646: gcc -E  conftest.c
configure:5652: $? = 0
configure:5672: result: yes
configure:5707: checking for limits.h
configure:5714: result: yes
configure:5591: checking malloc.h usability
configure:5603: gcc -c -g -O2 -DEI_64BIT  conftest.c >&5
conftest.c:63:10: fatal error: 'malloc.h' file not found
#include <malloc.h>
         ^
1 error generated.
configure:5609: $? = 1
configure: failed program was:
| /* confdefs.h.  */
| 
| #define PACKAGE_NAME ""
| #define PACKAGE_TARNAME ""
| #define PACKAGE_VERSION ""
| #define PACKAGE_STRING ""
| #define PACKAGE_BUGREPORT ""
| #define STDC_HEADERS 1
| #define HAVE_SYS_TYPES_H 1
| #define HAVE_SYS_STAT_H 1
| #define HAVE_STDLIB_H 1
| #define HAVE_STRING_H 1
| #define HAVE_MEMORY_H 1
| #define HAVE_STRINGS_H 1
| #define HAVE_INTTYPES_H 1
| #define HAVE_STDINT_H 1
| #define HAVE_UNISTD_H 1
| #define SIZEOF_SHORT 2
| #define SIZEOF_INT 4
| #define SIZEOF_LONG 8
| #define SIZEOF_VOID_P 8
| #define SIZEOF_LONG_LONG 8
| #define STDC_HEADERS 1
| #define HAVE_SYS_WAIT_H 1
| #define HAVE_ARPA_INET_H 1
| #define HAVE_FCNTL_H 1
| #define HAVE_LIMITS_H 1
| /* end confdefs.h.  */
| #include <stdio.h>
| #if HAVE_SYS_TYPES_H
| # include <sys/types.h>
| #endif
| #if HAVE_SYS_STAT_H
| # include <sys/stat.h>
| #endif
| #if STDC_HEADERS
| # include <stdlib.h>
| # include <stddef.h>
| #else
| # if HAVE_STDLIB_H
| #  include <stdlib.h>
| # endif
| #endif
| #if HAVE_STRING_H
| # if !STDC_HEADERS && HAVE_MEMORY_H
| #  include <memory.h>
| # endif
| # include <string.h>
| #endif
| #if HAVE_STRINGS_H
| # include <strings.h>
| #endif
| #if HAVE_INTTYPES_H
| # include <inttypes.h>
| #else
| # if HAVE_STDINT_H
| #  include <stdint.h>
| # endif
| #endif
| #if HAVE_UNISTD_H
| # include <unistd.h>
| #endif
| #include <malloc.h>
configure:5632: result: no
configure:5636: checking malloc.h presence
configure:5646: gcc -E  conftest.c
conftest.c:29:10: fatal error: 'malloc.h' file not found
#include <malloc.h>
         ^
1 error generated.
configure:5652: $? = 1
configure: failed program was:
| /* confdefs.h.  */
| 
| #define PACKAGE_NAME ""
| #define PACKAGE_TARNAME ""
| #define PACKAGE_VERSION ""
| #define PACKAGE_STRING ""
| #define PACKAGE_BUGREPORT ""
| #define STDC_HEADERS 1
| #define HAVE_SYS_TYPES_H 1
| #define HAVE_SYS_STAT_H 1
| #define HAVE_STDLIB_H 1
| #define HAVE_STRING_H 1
| #define HAVE_MEMORY_H 1
| #define HAVE_STRINGS_H 1
| #define HAVE_INTTYPES_H 1
| #define HAVE_STDINT_H 1
| #define HAVE_UNISTD_H 1
| #define SIZEOF_SHORT 2
| #define SIZEOF_INT 4
| #define SIZEOF_LONG 8
| #define SIZEOF_VOID_P 8
| #define SIZEOF_LONG_LONG 8
| #define STDC_HEADERS 1
| #define HAVE_SYS_WAIT_H 1
| #define HAVE_ARPA_INET_H 1
| #define HAVE_FCNTL_H 1
| #define HAVE_LIMITS_H 1
| /* end confdefs.h.  */
| #include <malloc.h>
configure:5672: result: no
configure:5707: checking for malloc.h
configure:5714: result: no
configure:5591: checking netdb.h usability
configure:5603: gcc -c -g -O2 -DEI_64BIT  conftest.c >&5
configure:5609: $? = 0
configure:5613: test -z 
			 || test ! -s conftest.err
configure:5616: $? = 0
configure:5619: test -s conftest.o
configure:5622: $? = 0
configure:5632: result: yes
configure:5636: checking netdb.h presence
configure:5646: gcc -E  conftest.c
configure:5652: $? = 0
configure:5672: result: yes
configure:5707: checking for netdb.h
configure:5714: result: yes
configure:5591: checking netinet/in.h usability
configure:5603: gcc -c -g -O2 -DEI_64BIT  conftest.c >&5
configure:5609: $? = 0
configure:5613: test -z 
			 || test ! -s conftest.err
configure:5616: $? = 0
configure:5619: test -s conftest.o
configure:5622: $? = 0
configure:5632: result: yes
configure:5636: checking netinet/in.h presence
configure:5646: gcc -E  conftest.c
configure:5652: $? = 0
configure:5672: result: yes
configure:5707: checking for netinet/in.h
configure:5714: result: yes
configure:5591: checking stddef.h usability
configure:5603: gcc -c -g -O2 -DEI_64BIT  conftest.c >&5
configure:5609: $? = 0
configure:5613: test -z 
			 || test ! -s conftest.err
configure:5616: $? = 0
configure:5619: test -s conftest.o
configure:5622: $? = 0
configure:5632: result: yes
configure:5636: checking stddef.h presence
configure:5646: gcc -E  conftest.c
configure:5652: $? = 0
configure:5672: result: yes
configure:5707: checking for stddef.h
configure:5714: result: yes
configure:5582: checking for stdlib.h
configure:5587: result: yes
configure:5582: checking for string.h
configure:5587: result: yes
configure:5591: checking sys/param.h usability
configure:5603: gcc -c -g -O2 -DEI_64BIT  conftest.c >&5
configure:5609: $? = 0
configure:5613: test -z 
			 || test ! -s conftest.err
configure:5616: $? = 0
configure:5619: test -s conftest.o
configure:5622: $? = 0
configure:5632: result: yes
configure:5636: checking sys/param.h presence
configure:5646: gcc -E  conftest.c
configure:5652: $? = 0
configure:5672: result: yes
configure:5707: checking for sys/param.h
configure:5714: result: yes
configure:5591: checking sys/socket.h usability
configure:5603: gcc -c -g -O2 -DEI_64BIT  conftest.c >&5
configure:5609: $? = 0
configure:5613: test -z 
			 || test ! -s conftest.err
configure:5616: $? = 0
configure:5619: test -s conftest.o
configure:5622: $? = 0
configure:5632: result: yes
configure:5636: checking sys/socket.h presence
configure:5646: gcc -E  conftest.c
configure:5652: $? = 0
configure:5672: result: yes
configure:5707: checking for sys/socket.h
configure:5714: result: yes
configure:5591: checking sys/select.h usability
configure:5603: gcc -c -g -O2 -DEI_64BIT  conftest.c >&5
configure:5609: $? = 0
configure:5613: test -z 
			 || test ! -s conftest.err
configure:5616: $? = 0
configure:5619: test -s conftest.o
configure:5622: $? = 0
configure:5632: result: yes
configure:5636: checking sys/select.h presence
configure:5646: gcc -E  conftest.c
configure:5652: $? = 0
configure:5672: result: yes
configure:5707: checking for sys/select.h
configure:5714: result: yes
configure:5591: checking sys/time.h usability
configure:5603: gcc -c -g -O2 -DEI_64BIT  conftest.c >&5
configure:5609: $? = 0
configure:5613: test -z 
			 || test ! -s conftest.err
configure:5616: $? = 0
configure:5619: test -s conftest.o
configure:5622: $? = 0
configure:5632: result: yes
configure:5636: checking sys/time.h presence
configure:5646: gcc -E  conftest.c
configure:5652: $? = 0
configure:5672: result: yes
configure:5707: checking for sys/time.h
configure:5714: result: yes
configure:5582: checking for unistd.h
configure:5587: result: yes
configure:5582: checking for sys/types.h
configure:5587: result: yes
configure:5730: checking for uid_t in sys/types.h
configure:5753: result: yes
configure:5768: checking for pid_t
configure:5792: gcc -c -g -O2 -DEI_64BIT  conftest.c >&5
configure:5798: $? = 0
configure:5802: test -z 
			 || test ! -s conftest.err
configure:5805: $? = 0
configure:5808: test -s conftest.o
configure:5811: $? = 0
configure:5822: result: yes
configure:5834: checking for size_t
configure:5858: gcc -c -g -O2 -DEI_64BIT  conftest.c >&5
configure:5864: $? = 0
configure:5868: test -z 
			 || test ! -s conftest.err
configure:5871: $? = 0
configure:5874: test -s conftest.o
configure:5877: $? = 0
configure:5888: result: yes
configure:5900: checking whether time.h and sys/time.h may both be included
configure:5925: gcc -c -g -O2 -DEI_64BIT  conftest.c >&5
configure:5931: $? = 0
configure:5935: test -z 
			 || test ! -s conftest.err
configure:5938: $? = 0
configure:5941: test -s conftest.o
configure:5944: $? = 0
configure:5955: result: yes
configure:5965: checking for socklen_t usability
configure:5984: gcc -c -g -O2 -DEI_64BIT  conftest.c >&5
configure:5990: $? = 0
configure:5994: test -z 
			 || test ! -s conftest.err
configure:5997: $? = 0
configure:6000: test -s conftest.o
configure:6003: $? = 0
configure:6005: result: yes
configure:6023: checking for working alloca.h
configure:6044: gcc -o conftest -g -O2 -DEI_64BIT   conftest.c  >&5
configure:6050: $? = 0
configure:6054: test -z 
			 || test ! -s conftest.err
configure:6057: $? = 0
configure:6060: test -s conftest
configure:6063: $? = 0
configure:6075: result: yes
configure:6085: checking for alloca
configure:6126: gcc -o conftest -g -O2 -DEI_64BIT   conftest.c  >&5
configure:6132: $? = 0
configure:6136: test -z 
			 || test ! -s conftest.err
configure:6139: $? = 0
configure:6142: test -s conftest
configure:6145: $? = 0
configure:6157: result: yes
configure:6382: checking whether gcc needs -traditional
conftest.c:44:10: fatal error: 'termio.h' file not found
#include <termio.h>
         ^
1 error generated.
configure:6424: result: no
configure:6432: checking for working memcmp
configure:6480: gcc -o conftest -g -O2 -DEI_64BIT   conftest.c  >&5
configure:6483: $? = 0
configure:6485: ./conftest
configure:6488: $? = 0
configure:6502: result: yes
configure:6540: checking for dup2
configure:6597: gcc -o conftest -g -O2 -DEI_64BIT   conftest.c  >&5
configure:6603: $? = 0
configure:6607: test -z 
			 || test ! -s conftest.err
configure:6610: $? = 0
configure:6613: test -s conftest
configure:6616: $? = 0
configure:6628: result: yes
configure:6540: checking for gethostbyaddr
configure:6597: gcc -o conftest -g -O2 -DEI_64BIT   conftest.c  >&5
configure:6603: $? = 0
configure:6607: test -z 
			 || test ! -s conftest.err
configure:6610: $? = 0
configure:6613: test -s conftest
configure:6616: $? = 0
configure:6628: result: yes
configure:6540: checking for gethostbyname
configure:6597: gcc -o conftest -g -O2 -DEI_64BIT   conftest.c  >&5
configure:6603: $? = 0
configure:6607: test -z 
			 || test ! -s conftest.err
configure:6610: $? = 0
configure:6613: test -s conftest
configure:6616: $? = 0
configure:6628: result: yes
configure:6540: checking for gethostbyaddr_r
configure:6597: gcc -o conftest -g -O2 -DEI_64BIT   conftest.c  >&5
Undefined symbols for architecture x86_64:
  "_gethostbyaddr_r", referenced from:
      _main in conftest-671bc3.o
      _f in conftest-671bc3.o
ld: symbol(s) not found for architecture x86_64
clang: error: linker command failed with exit code 1 (use -v to see invocation)
configure:6603: $? = 1
configure: failed program was:
| /* confdefs.h.  */
| 
| #define PACKAGE_NAME ""
| #define PACKAGE_TARNAME ""
| #define PACKAGE_VERSION ""
| #define PACKAGE_STRING ""
| #define PACKAGE_BUGREPORT ""
| #define STDC_HEADERS 1
| #define HAVE_SYS_TYPES_H 1
| #define HAVE_SYS_STAT_H 1
| #define HAVE_STDLIB_H 1
| #define HAVE_STRING_H 1
| #define HAVE_MEMORY_H 1
| #define HAVE_STRINGS_H 1
| #define HAVE_INTTYPES_H 1
| #define HAVE_STDINT_H 1
| #define HAVE_UNISTD_H 1
| #define SIZEOF_SHORT 2
| #define SIZEOF_INT 4
| #define SIZEOF_LONG 8
| #define SIZEOF_VOID_P 8
| #define SIZEOF_LONG_LONG 8
| #define STDC_HEADERS 1
| #define HAVE_SYS_WAIT_H 1
| #define HAVE_ARPA_INET_H 1
| #define HAVE_FCNTL_H 1
| #define HAVE_LIMITS_H 1
| #define HAVE_NETDB_H 1
| #define HAVE_NETINET_IN_H 1
| #define HAVE_STDDEF_H 1
| #define HAVE_STDLIB_H 1
| #define HAVE_STRING_H 1
| #define HAVE_SYS_PARAM_H 1
| #define HAVE_SYS_SOCKET_H 1
| #define HAVE_SYS_SELECT_H 1
| #define HAVE_SYS_TIME_H 1
| #define HAVE_UNISTD_H 1
| #define HAVE_SYS_TYPES_H 1
| #define TIME_WITH_SYS_TIME 1
| #define HAVE_SOCKLEN_T 1
| #define HAVE_ALLOCA_H 1
| #define HAVE_ALLOCA 1
| #define HAVE_DUP2 1
| #define HAVE_GETHOSTBYADDR 1
| #define HAVE_GETHOSTBYNAME 1
| /* end confdefs.h.  */
| /* Define gethostbyaddr_r to an innocuous variant, in case <limits.h> declares gethostbyaddr_r.
|    For example, HP-UX 11i <limits.h> declares gettimeofday.  */
| #define gethostbyaddr_r innocuous_gethostbyaddr_r
| 
| /* System header to define __stub macros and hopefully few prototypes,
|     which can conflict with char gethostbyaddr_r (); below.
|     Prefer <limits.h> to <assert.h> if __STDC__ is defined, since
|     <limits.h> exists even on freestanding compilers.  */
| 
| #ifdef __STDC__
| # include <limits.h>
| #else
| # include <assert.h>
| #endif
| 
| #undef gethostbyaddr_r
| 
| /* Override any gcc2 internal prototype to avoid an error.  */
| #ifdef __cplusplus
| extern "C"
| {
| #endif
| /* We use char because int might match the return type of a gcc2
|    builtin and then its argument prototype would still apply.  */
| char gethostbyaddr_r ();
| /* The GNU C library defines this for functions which it implements
|     to always fail with ENOSYS.  Some functions are actually named
|     something starting with __ and the normal name is an alias.  */
| #if defined (__stub_gethostbyaddr_r) || defined (__stub___gethostbyaddr_r)
| choke me
| #else
| char (*f) () = gethostbyaddr_r;
| #endif
| #ifdef __cplusplus
| }
| #endif
| 
| int
| main ()
| {
| return f != gethostbyaddr_r;
|   ;
|   return 0;
| }
configure:6628: result: no
configure:6540: checking for gethostbyname_r
configure:6597: gcc -o conftest -g -O2 -DEI_64BIT   conftest.c  >&5
Undefined symbols for architecture x86_64:
  "_gethostbyname_r", referenced from:
      _main in conftest-99659b.o
      _f in conftest-99659b.o
ld: symbol(s) not found for architecture x86_64
clang: error: linker command failed with exit code 1 (use -v to see invocation)
configure:6603: $? = 1
configure: failed program was:
| /* confdefs.h.  */
| 
| #define PACKAGE_NAME ""
| #define PACKAGE_TARNAME ""
| #define PACKAGE_VERSION ""
| #define PACKAGE_STRING ""
| #define PACKAGE_BUGREPORT ""
| #define STDC_HEADERS 1
| #define HAVE_SYS_TYPES_H 1
| #define HAVE_SYS_STAT_H 1
| #define HAVE_STDLIB_H 1
| #define HAVE_STRING_H 1
| #define HAVE_MEMORY_H 1
| #define HAVE_STRINGS_H 1
| #define HAVE_INTTYPES_H 1
| #define HAVE_STDINT_H 1
| #define HAVE_UNISTD_H 1
| #define SIZEOF_SHORT 2
| #define SIZEOF_INT 4
| #define SIZEOF_LONG 8
| #define SIZEOF_VOID_P 8
| #define SIZEOF_LONG_LONG 8
| #define STDC_HEADERS 1
| #define HAVE_SYS_WAIT_H 1
| #define HAVE_ARPA_INET_H 1
| #define HAVE_FCNTL_H 1
| #define HAVE_LIMITS_H 1
| #define HAVE_NETDB_H 1
| #define HAVE_NETINET_IN_H 1
| #define HAVE_STDDEF_H 1
| #define HAVE_STDLIB_H 1
| #define HAVE_STRING_H 1
| #define HAVE_SYS_PARAM_H 1
| #define HAVE_SYS_SOCKET_H 1
| #define HAVE_SYS_SELECT_H 1
| #define HAVE_SYS_TIME_H 1
| #define HAVE_UNISTD_H 1
| #define HAVE_SYS_TYPES_H 1
| #define TIME_WITH_SYS_TIME 1
| #define HAVE_SOCKLEN_T 1
| #define HAVE_ALLOCA_H 1
| #define HAVE_ALLOCA 1
| #define HAVE_DUP2 1
| #define HAVE_GETHOSTBYADDR 1
| #define HAVE_GETHOSTBYNAME 1
| /* end confdefs.h.  */
| /* Define gethostbyname_r to an innocuous variant, in case <limits.h> declares gethostbyname_r.
|    For example, HP-UX 11i <limits.h> declares gettimeofday.  */
| #define gethostbyname_r innocuous_gethostbyname_r
| 
| /* System header to define __stub macros and hopefully few prototypes,
|     which can conflict with char gethostbyname_r (); below.
|     Prefer <limits.h> to <assert.h> if __STDC__ is defined, since
|     <limits.h> exists even on freestanding compilers.  */
| 
| #ifdef __STDC__
| # include <limits.h>
| #else
| # include <assert.h>
| #endif
| 
| #undef gethostbyname_r
| 
| /* Override any gcc2 internal prototype to avoid an error.  */
| #ifdef __cplusplus
| extern "C"
| {
| #endif
| /* We use char because int might match the return type of a gcc2
|    builtin and then its argument prototype would still apply.  */
| char gethostbyname_r ();
| /* The GNU C library defines this for functions which it implements
|     to always fail with ENOSYS.  Some functions are actually named
|     something starting with __ and the normal name is an alias.  */
| #if defined (__stub_gethostbyname_r) || defined (__stub___gethostbyname_r)
| choke me
| #else
| char (*f) () = gethostbyname_r;
| #endif
| #ifdef __cplusplus
| }
| #endif
| 
| int
| main ()
| {
| return f != gethostbyname_r;
|   ;
|   return 0;
| }
configure:6628: result: no
configure:6540: checking for gethostname
configure:6597: gcc -o conftest -g -O2 -DEI_64BIT   conftest.c  >&5
configure:6603: $? = 0
configure:6607: test -z 
			 || test ! -s conftest.err
configure:6610: $? = 0
configure:6613: test -s conftest
configure:6616: $? = 0
configure:6628: result: yes
configure:6540: checking for writev
configure:6597: gcc -o conftest -g -O2 -DEI_64BIT   conftest.c  >&5
configure:6603: $? = 0
configure:6607: test -z 
			 || test ! -s conftest.err
configure:6610: $? = 0
configure:6613: test -s conftest
configure:6616: $? = 0
configure:6628: result: yes
configure:6540: checking for gethrtime
configure:6597: gcc -o conftest -g -O2 -DEI_64BIT   conftest.c  >&5
Undefined symbols for architecture x86_64:
  "_gethrtime", referenced from:
      _main in conftest-a3ae5e.o
      _f in conftest-a3ae5e.o
ld: symbol(s) not found for architecture x86_64
clang: error: linker command failed with exit code 1 (use -v to see invocation)
configure:6603: $? = 1
configure: failed program was:
| /* confdefs.h.  */
| 
| #define PACKAGE_NAME ""
| #define PACKAGE_TARNAME ""
| #define PACKAGE_VERSION ""
| #define PACKAGE_STRING ""
| #define PACKAGE_BUGREPORT ""
| #define STDC_HEADERS 1
| #define HAVE_SYS_TYPES_H 1
| #define HAVE_SYS_STAT_H 1
| #define HAVE_STDLIB_H 1
| #define HAVE_STRING_H 1
| #define HAVE_MEMORY_H 1
| #define HAVE_STRINGS_H 1
| #define HAVE_INTTYPES_H 1
| #define HAVE_STDINT_H 1
| #define HAVE_UNISTD_H 1
| #define SIZEOF_SHORT 2
| #define SIZEOF_INT 4
| #define SIZEOF_LONG 8
| #define SIZEOF_VOID_P 8
| #define SIZEOF_LONG_LONG 8
| #define STDC_HEADERS 1
| #define HAVE_SYS_WAIT_H 1
| #define HAVE_ARPA_INET_H 1
| #define HAVE_FCNTL_H 1
| #define HAVE_LIMITS_H 1
| #define HAVE_NETDB_H 1
| #define HAVE_NETINET_IN_H 1
| #define HAVE_STDDEF_H 1
| #define HAVE_STDLIB_H 1
| #define HAVE_STRING_H 1
| #define HAVE_SYS_PARAM_H 1
| #define HAVE_SYS_SOCKET_H 1
| #define HAVE_SYS_SELECT_H 1
| #define HAVE_SYS_TIME_H 1
| #define HAVE_UNISTD_H 1
| #define HAVE_SYS_TYPES_H 1
| #define TIME_WITH_SYS_TIME 1
| #define HAVE_SOCKLEN_T 1
| #define HAVE_ALLOCA_H 1
| #define HAVE_ALLOCA 1
| #define HAVE_DUP2 1
| #define HAVE_GETHOSTBYADDR 1
| #define HAVE_GETHOSTBYNAME 1
| #define HAVE_GETHOSTNAME 1
| #define HAVE_WRITEV 1
| /* end confdefs.h.  */
| /* Define gethrtime to an innocuous variant, in case <limits.h> declares gethrtime.
|    For example, HP-UX 11i <limits.h> declares gettimeofday.  */
| #define gethrtime innocuous_gethrtime
| 
| /* System header to define __stub macros and hopefully few prototypes,
|     which can conflict with char gethrtime (); below.
|     Prefer <limits.h> to <assert.h> if __STDC__ is defined, since
|     <limits.h> exists even on freestanding compilers.  */
| 
| #ifdef __STDC__
| # include <limits.h>
| #else
| # include <assert.h>
| #endif
| 
| #undef gethrtime
| 
| /* Override any gcc2 internal prototype to avoid an error.  */
| #ifdef __cplusplus
| extern "C"
| {
| #endif
| /* We use char because int might match the return type of a gcc2
|    builtin and then its argument prototype would still apply.  */
| char gethrtime ();
| /* The GNU C library defines this for functions which it implements
|     to always fail with ENOSYS.  Some functions are actually named
|     something starting with __ and the normal name is an alias.  */
| #if defined (__stub_gethrtime) || defined (__stub___gethrtime)
| choke me
| #else
| char (*f) () = gethrtime;
| #endif
| #ifdef __cplusplus
| }
| #endif
| 
| int
| main ()
| {
| return f != gethrtime;
|   ;
|   return 0;
| }
configure:6628: result: no
configure:6540: checking for gettimeofday
configure:6597: gcc -o conftest -g -O2 -DEI_64BIT   conftest.c  >&5
configure:6603: $? = 0
configure:6607: test -z 
			 || test ! -s conftest.err
configure:6610: $? = 0
configure:6613: test -s conftest
configure:6616: $? = 0
configure:6628: result: yes
configure:6540: checking for inet_ntoa
configure:6597: gcc -o conftest -g -O2 -DEI_64BIT   conftest.c  >&5
configure:6603: $? = 0
configure:6607: test -z 
			 || test ! -s conftest.err
configure:6610: $? = 0
configure:6613: test -s conftest
configure:6616: $? = 0
configure:6628: result: yes
configure:6540: checking for memchr
configure:6597: gcc -o conftest -g -O2 -DEI_64BIT   conftest.c  >&5
conftest.c:75:6: warning: incompatible redeclaration of library function 'memchr' [-Wincompatible-library-redeclaration]
char memchr ();
     ^
conftest.c:75:6: note: 'memchr' is a builtin with type 'void *(const void *, int, unsigned long)'
1 warning generated.
configure:6603: $? = 0
configure:6607: test -z 
			 || test ! -s conftest.err
configure:6610: $? = 0
configure:6613: test -s conftest
configure:6616: $? = 0
configure:6628: result: yes
configure:6540: checking for memmove
configure:6597: gcc -o conftest -g -O2 -DEI_64BIT   conftest.c  >&5
conftest.c:76:6: warning: incompatible redeclaration of library function 'memmove' [-Wincompatible-library-redeclaration]
char memmove ();
     ^
conftest.c:76:6: note: 'memmove' is a builtin with type 'void *(void *, const void *, unsigned long)'
1 warning generated.
configure:6603: $? = 0
configure:6607: test -z 
			 || test ! -s conftest.err
configure:6610: $? = 0
configure:6613: test -s conftest
configure:6616: $? = 0
configure:6628: result: yes
configure:6540: checking for memset
configure:6597: gcc -o conftest -g -O2 -DEI_64BIT   conftest.c  >&5
conftest.c:77:6: warning: incompatible redeclaration of library function 'memset' [-Wincompatible-library-redeclaration]
char memset ();
     ^
conftest.c:77:6: note: 'memset' is a builtin with type 'void *(void *, int, unsigned long)'
1 warning generated.
configure:6603: $? = 0
configure:6607: test -z 
			 || test ! -s conftest.err
configure:6610: $? = 0
configure:6613: test -s conftest
configure:6616: $? = 0
configure:6628: result: yes
configure:6540: checking for select
configure:6597: gcc -o conftest -g -O2 -DEI_64BIT   conftest.c  >&5
configure:6603: $? = 0
configure:6607: test -z 
			 || test ! -s conftest.err
configure:6610: $? = 0
configure:6613: test -s conftest
configure:6616: $? = 0
configure:6628: result: yes
configure:6540: checking for socket
configure:6597: gcc -o conftest -g -O2 -DEI_64BIT   conftest.c  >&5
configure:6603: $? = 0
configure:6607: test -z 
			 || test ! -s conftest.err
configure:6610: $? = 0
configure:6613: test -s conftest
configure:6616: $? = 0
configure:6628: result: yes
configure:6540: checking for strchr
configure:6597: gcc -o conftest -g -O2 -DEI_64BIT   conftest.c  >&5
conftest.c:80:6: warning: incompatible redeclaration of library function 'strchr' [-Wincompatible-library-redeclaration]
char strchr ();
     ^
conftest.c:80:6: note: 'strchr' is a builtin with type 'char *(const char *, int)'
1 warning generated.
configure:6603: $? = 0
configure:6607: test -z 
			 || test ! -s conftest.err
configure:6610: $? = 0
configure:6613: test -s conftest
configure:6616: $? = 0
configure:6628: result: yes
configure:6540: checking for strerror
configure:6597: gcc -o conftest -g -O2 -DEI_64BIT   conftest.c  >&5
conftest.c:81:6: warning: incompatible redeclaration of library function 'strerror' [-Wincompatible-library-redeclaration]
char strerror ();
     ^
conftest.c:81:6: note: 'strerror' is a builtin with type 'char *(int)'
1 warning generated.
configure:6603: $? = 0
configure:6607: test -z 
			 || test ! -s conftest.err
configure:6610: $? = 0
configure:6613: test -s conftest
configure:6616: $? = 0
configure:6628: result: yes
configure:6540: checking for strrchr
configure:6597: gcc -o conftest -g -O2 -DEI_64BIT   conftest.c  >&5
conftest.c:82:6: warning: incompatible redeclaration of library function 'strrchr' [-Wincompatible-library-redeclaration]
char strrchr ();
     ^
conftest.c:82:6: note: 'strrchr' is a builtin with type 'char *(const char *, int)'
1 warning generated.
configure:6603: $? = 0
configure:6607: test -z 
			 || test ! -s conftest.err
configure:6610: $? = 0
configure:6613: test -s conftest
configure:6616: $? = 0
configure:6628: result: yes
configure:6540: checking for strstr
configure:6597: gcc -o conftest -g -O2 -DEI_64BIT   conftest.c  >&5
conftest.c:83:6: warning: incompatible redeclaration of library function 'strstr' [-Wincompatible-library-redeclaration]
char strstr ();
     ^
conftest.c:83:6: note: 'strstr' is a builtin with type 'char *(const char *, const char *)'
1 warning generated.
configure:6603: $? = 0
configure:6607: test -z 
			 || test ! -s conftest.err
configure:6610: $? = 0
configure:6613: test -s conftest
configure:6616: $? = 0
configure:6628: result: yes
configure:6540: checking for uname
configure:6597: gcc -o conftest -g -O2 -DEI_64BIT   conftest.c  >&5
configure:6603: $? = 0
configure:6607: test -z 
			 || test ! -s conftest.err
configure:6610: $? = 0
configure:6613: test -s conftest
configure:6616: $? = 0
configure:6628: result: yes
configure:6638: checking for res_gethostbyname
configure:6695: gcc -o conftest -g -O2 -DEI_64BIT   conftest.c  >&5
Undefined symbols for architecture x86_64:
  "_res_gethostbyname", referenced from:
      _main in conftest-f348f0.o
      _f in conftest-f348f0.o
ld: symbol(s) not found for architecture x86_64
clang: error: linker command failed with exit code 1 (use -v to see invocation)
configure:6701: $? = 1
configure: failed program was:
| /* confdefs.h.  */
| 
| #define PACKAGE_NAME ""
| #define PACKAGE_TARNAME ""
| #define PACKAGE_VERSION ""
| #define PACKAGE_STRING ""
| #define PACKAGE_BUGREPORT ""
| #define STDC_HEADERS 1
| #define HAVE_SYS_TYPES_H 1
| #define HAVE_SYS_STAT_H 1
| #define HAVE_STDLIB_H 1
| #define HAVE_STRING_H 1
| #define HAVE_MEMORY_H 1
| #define HAVE_STRINGS_H 1
| #define HAVE_INTTYPES_H 1
| #define HAVE_STDINT_H 1
| #define HAVE_UNISTD_H 1
| #define SIZEOF_SHORT 2
| #define SIZEOF_INT 4
| #define SIZEOF_LONG 8
| #define SIZEOF_VOID_P 8
| #define SIZEOF_LONG_LONG 8
| #define STDC_HEADERS 1
| #define HAVE_SYS_WAIT_H 1
| #define HAVE_ARPA_INET_H 1
| #define HAVE_FCNTL_H 1
| #define HAVE_LIMITS_H 1
| #define HAVE_NETDB_H 1
| #define HAVE_NETINET_IN_H 1
| #define HAVE_STDDEF_H 1
| #define HAVE_STDLIB_H 1
| #define HAVE_STRING_H 1
| #define HAVE_SYS_PARAM_H 1
| #define HAVE_SYS_SOCKET_H 1
| #define HAVE_SYS_SELECT_H 1
| #define HAVE_SYS_TIME_H 1
| #define HAVE_UNISTD_H 1
| #define HAVE_SYS_TYPES_H 1
| #define TIME_WITH_SYS_TIME 1
| #define HAVE_SOCKLEN_T 1
| #define HAVE_ALLOCA_H 1
| #define HAVE_ALLOCA 1
| #define HAVE_DUP2 1
| #define HAVE_GETHOSTBYADDR 1
| #define HAVE_GETHOSTBYNAME 1
| #define HAVE_GETHOSTNAME 1
| #define HAVE_WRITEV 1
| #define HAVE_GETTIMEOFDAY 1
| #define HAVE_INET_NTOA 1
| #define HAVE_MEMCHR 1
| #define HAVE_MEMMOVE 1
| #define HAVE_MEMSET 1
| #define HAVE_SELECT 1
| #define HAVE_SOCKET 1
| #define HAVE_STRCHR 1
| #define HAVE_STRERROR 1
| #define HAVE_STRRCHR 1
| #define HAVE_STRSTR 1
| #define HAVE_UNAME 1
| /* end confdefs.h.  */
| /* Define res_gethostbyname to an innocuous variant, in case <limits.h> declares res_gethostbyname.
|    For example, HP-UX 11i <limits.h> declares gettimeofday.  */
| #define res_gethostbyname innocuous_res_gethostbyname
| 
| /* System header to define __stub macros and hopefully few prototypes,
|     which can conflict with char res_gethostbyname (); below.
|     Prefer <limits.h> to <assert.h> if __STDC__ is defined, since
|     <limits.h> exists even on freestanding compilers.  */
| 
| #ifdef __STDC__
| # include <limits.h>
| #else
| # include <assert.h>
| #endif
| 
| #undef res_gethostbyname
| 
| /* Override any gcc2 internal prototype to avoid an error.  */
| #ifdef __cplusplus
| extern "C"
| {
| #endif
| /* We use char because int might match the return type of a gcc2
|    builtin and then its argument prototype would still apply.  */
| char res_gethostbyname ();
| /* The GNU C library defines this for functions which it implements
|     to always fail with ENOSYS.  Some functions are actually named
|     something starting with __ and the normal name is an alias.  */
| #if defined (__stub_res_gethostbyname) || defined (__stub___res_gethostbyname)
| choke me
| #else
| char (*f) () = res_gethostbyname;
| #endif
| #ifdef __cplusplus
| }
| #endif
| 
| int
| main ()
| {
| return f != res_gethostbyname;
|   ;
|   return 0;
| }
configure:6726: result: no
configure:6732: checking for res_gethostbyname in -lresolv
configure:6762: gcc -o conftest -g -O2 -DEI_64BIT   conftest.c -lresolv   >&5
Undefined symbols for architecture x86_64:
  "_res_gethostbyname", referenced from:
      _main in conftest-d02d8f.o
ld: symbol(s) not found for architecture x86_64
clang: error: linker command failed with exit code 1 (use -v to see invocation)
configure:6768: $? = 1
configure: failed program was:
| /* confdefs.h.  */
| 
| #define PACKAGE_NAME ""
| #define PACKAGE_TARNAME ""
| #define PACKAGE_VERSION ""
| #define PACKAGE_STRING ""
| #define PACKAGE_BUGREPORT ""
| #define STDC_HEADERS 1
| #define HAVE_SYS_TYPES_H 1
| #define HAVE_SYS_STAT_H 1
| #define HAVE_STDLIB_H 1
| #define HAVE_STRING_H 1
| #define HAVE_MEMORY_H 1
| #define HAVE_STRINGS_H 1
| #define HAVE_INTTYPES_H 1
| #define HAVE_STDINT_H 1
| #define HAVE_UNISTD_H 1
| #define SIZEOF_SHORT 2
| #define SIZEOF_INT 4
| #define SIZEOF_LONG 8
| #define SIZEOF_VOID_P 8
| #define SIZEOF_LONG_LONG 8
| #define STDC_HEADERS 1
| #define HAVE_SYS_WAIT_H 1
| #define HAVE_ARPA_INET_H 1
| #define HAVE_FCNTL_H 1
| #define HAVE_LIMITS_H 1
| #define HAVE_NETDB_H 1
| #define HAVE_NETINET_IN_H 1
| #define HAVE_STDDEF_H 1
| #define HAVE_STDLIB_H 1
| #define HAVE_STRING_H 1
| #define HAVE_SYS_PARAM_H 1
| #define HAVE_SYS_SOCKET_H 1
| #define HAVE_SYS_SELECT_H 1
| #define HAVE_SYS_TIME_H 1
| #define HAVE_UNISTD_H 1
| #define HAVE_SYS_TYPES_H 1
| #define TIME_WITH_SYS_TIME 1
| #define HAVE_SOCKLEN_T 1
| #define HAVE_ALLOCA_H 1
| #define HAVE_ALLOCA 1
| #define HAVE_DUP2 1
| #define HAVE_GETHOSTBYADDR 1
| #define HAVE_GETHOSTBYNAME 1
| #define HAVE_GETHOSTNAME 1
| #define HAVE_WRITEV 1
| #define HAVE_GETTIMEOFDAY 1
| #define HAVE_INET_NTOA 1
| #define HAVE_MEMCHR 1
| #define HAVE_MEMMOVE 1
| #define HAVE_MEMSET 1
| #define HAVE_SELECT 1
| #define HAVE_SOCKET 1
| #define HAVE_STRCHR 1
| #define HAVE_STRERROR 1
| #define HAVE_STRRCHR 1
| #define HAVE_STRSTR 1
| #define HAVE_UNAME 1
| /* end confdefs.h.  */
| 
| /* Override any gcc2 internal prototype to avoid an error.  */
| #ifdef __cplusplus
| extern "C"
| #endif
| /* We use char because int might match the return type of a gcc2
|    builtin and then its argument prototype would still apply.  */
| char res_gethostbyname ();
| int
| main ()
| {
| res_gethostbyname ();
|   ;
|   return 0;
| }
configure:6794: result: no
configure:6808: checking for clock_gettime
configure:6865: gcc -o conftest -g -O2 -DEI_64BIT   conftest.c  >&5
Undefined symbols for architecture x86_64:
  "_clock_gettime", referenced from:
      _main in conftest-46c24e.o
      _f in conftest-46c24e.o
ld: symbol(s) not found for architecture x86_64
clang: error: linker command failed with exit code 1 (use -v to see invocation)
configure:6871: $? = 1
configure: failed program was:
| /* confdefs.h.  */
| 
| #define PACKAGE_NAME ""
| #define PACKAGE_TARNAME ""
| #define PACKAGE_VERSION ""
| #define PACKAGE_STRING ""
| #define PACKAGE_BUGREPORT ""
| #define STDC_HEADERS 1
| #define HAVE_SYS_TYPES_H 1
| #define HAVE_SYS_STAT_H 1
| #define HAVE_STDLIB_H 1
| #define HAVE_STRING_H 1
| #define HAVE_MEMORY_H 1
| #define HAVE_STRINGS_H 1
| #define HAVE_INTTYPES_H 1
| #define HAVE_STDINT_H 1
| #define HAVE_UNISTD_H 1
| #define SIZEOF_SHORT 2
| #define SIZEOF_INT 4
| #define SIZEOF_LONG 8
| #define SIZEOF_VOID_P 8
| #define SIZEOF_LONG_LONG 8
| #define STDC_HEADERS 1
| #define HAVE_SYS_WAIT_H 1
| #define HAVE_ARPA_INET_H 1
| #define HAVE_FCNTL_H 1
| #define HAVE_LIMITS_H 1
| #define HAVE_NETDB_H 1
| #define HAVE_NETINET_IN_H 1
| #define HAVE_STDDEF_H 1
| #define HAVE_STDLIB_H 1
| #define HAVE_STRING_H 1
| #define HAVE_SYS_PARAM_H 1
| #define HAVE_SYS_SOCKET_H 1
| #define HAVE_SYS_SELECT_H 1
| #define HAVE_SYS_TIME_H 1
| #define HAVE_UNISTD_H 1
| #define HAVE_SYS_TYPES_H 1
| #define TIME_WITH_SYS_TIME 1
| #define HAVE_SOCKLEN_T 1
| #define HAVE_ALLOCA_H 1
| #define HAVE_ALLOCA 1
| #define HAVE_DUP2 1
| #define HAVE_GETHOSTBYADDR 1
| #define HAVE_GETHOSTBYNAME 1
| #define HAVE_GETHOSTNAME 1
| #define HAVE_WRITEV 1
| #define HAVE_GETTIMEOFDAY 1
| #define HAVE_INET_NTOA 1
| #define HAVE_MEMCHR 1
| #define HAVE_MEMMOVE 1
| #define HAVE_MEMSET 1
| #define HAVE_SELECT 1
| #define HAVE_SOCKET 1
| #define HAVE_STRCHR 1
| #define HAVE_STRERROR 1
| #define HAVE_STRRCHR 1
| #define HAVE_STRSTR 1
| #define HAVE_UNAME 1
| /* end confdefs.h.  */
| /* Define clock_gettime to an innocuous variant, in case <limits.h> declares clock_gettime.
|    For example, HP-UX 11i <limits.h> declares gettimeofday.  */
| #define clock_gettime innocuous_clock_gettime
| 
| /* System header to define __stub macros and hopefully few prototypes,
|     which can conflict with char clock_gettime (); below.
|     Prefer <limits.h> to <assert.h> if __STDC__ is defined, since
|     <limits.h> exists even on freestanding compilers.  */
| 
| #ifdef __STDC__
| # include <limits.h>
| #else
| # include <assert.h>
| #endif
| 
| #undef clock_gettime
| 
| /* Override any gcc2 internal prototype to avoid an error.  */
| #ifdef __cplusplus
| extern "C"
| {
| #endif
| /* We use char because int might match the return type of a gcc2
|    builtin and then its argument prototype would still apply.  */
| char clock_gettime ();
| /* The GNU C library defines this for functions which it implements
|     to always fail with ENOSYS.  Some functions are actually named
|     something starting with __ and the normal name is an alias.  */
| #if defined (__stub_clock_gettime) || defined (__stub___clock_gettime)
| choke me
| #else
| char (*f) () = clock_gettime;
| #endif
| #ifdef __cplusplus
| }
| #endif
| 
| int
| main ()
| {
| return f != clock_gettime;
|   ;
|   return 0;
| }
configure:6896: result: no
configure:6902: checking for clock_gettime in -lrt
configure:6932: gcc -o conftest -g -O2 -DEI_64BIT   conftest.c -lrt   >&5
ld: library not found for -lrt
clang: error: linker command failed with exit code 1 (use -v to see invocation)
configure:6938: $? = 1
configure: failed program was:
| /* confdefs.h.  */
| 
| #define PACKAGE_NAME ""
| #define PACKAGE_TARNAME ""
| #define PACKAGE_VERSION ""
| #define PACKAGE_STRING ""
| #define PACKAGE_BUGREPORT ""
| #define STDC_HEADERS 1
| #define HAVE_SYS_TYPES_H 1
| #define HAVE_SYS_STAT_H 1
| #define HAVE_STDLIB_H 1
| #define HAVE_STRING_H 1
| #define HAVE_MEMORY_H 1
| #define HAVE_STRINGS_H 1
| #define HAVE_INTTYPES_H 1
| #define HAVE_STDINT_H 1
| #define HAVE_UNISTD_H 1
| #define SIZEOF_SHORT 2
| #define SIZEOF_INT 4
| #define SIZEOF_LONG 8
| #define SIZEOF_VOID_P 8
| #define SIZEOF_LONG_LONG 8
| #define STDC_HEADERS 1
| #define HAVE_SYS_WAIT_H 1
| #define HAVE_ARPA_INET_H 1
| #define HAVE_FCNTL_H 1
| #define HAVE_LIMITS_H 1
| #define HAVE_NETDB_H 1
| #define HAVE_NETINET_IN_H 1
| #define HAVE_STDDEF_H 1
| #define HAVE_STDLIB_H 1
| #define HAVE_STRING_H 1
| #define HAVE_SYS_PARAM_H 1
| #define HAVE_SYS_SOCKET_H 1
| #define HAVE_SYS_SELECT_H 1
| #define HAVE_SYS_TIME_H 1
| #define HAVE_UNISTD_H 1
| #define HAVE_SYS_TYPES_H 1
| #define TIME_WITH_SYS_TIME 1
| #define HAVE_SOCKLEN_T 1
| #define HAVE_ALLOCA_H 1
| #define HAVE_ALLOCA 1
| #define HAVE_DUP2 1
| #define HAVE_GETHOSTBYADDR 1
| #define HAVE_GETHOSTBYNAME 1
| #define HAVE_GETHOSTNAME 1
| #define HAVE_WRITEV 1
| #define HAVE_GETTIMEOFDAY 1
| #define HAVE_INET_NTOA 1
| #define HAVE_MEMCHR 1
| #define HAVE_MEMMOVE 1
| #define HAVE_MEMSET 1
| #define HAVE_SELECT 1
| #define HAVE_SOCKET 1
| #define HAVE_STRCHR 1
| #define HAVE_STRERROR 1
| #define HAVE_STRRCHR 1
| #define HAVE_STRSTR 1
| #define HAVE_UNAME 1
| /* end confdefs.h.  */
| 
| /* Override any gcc2 internal prototype to avoid an error.  */
| #ifdef __cplusplus
| extern "C"
| #endif
| /* We use char because int might match the return type of a gcc2
|    builtin and then its argument prototype would still apply.  */
| char clock_gettime ();
| int
| main ()
| {
| clock_gettime ();
|   ;
|   return 0;
| }
configure:6964: result: no
configure:7325: checking for mixed cygwin and native VC++ environment
configure:7342: result: no
configure:7348: checking for mixed cygwin and native MinGW environment
configure:7365: result: no
configure:7371: checking if we mix cygwin with any native compiler
configure:7377: result: no
configure:7393: checking for native win32 threads
configure:7412: result: no
configure:7417: checking for pthread_create in -lpthread
configure:7447: gcc -o conftest -g -O2 -DEI_64BIT   conftest.c -lpthread   >&5
configure:7453: $? = 0
configure:7457: test -z 
			 || test ! -s conftest.err
configure:7460: $? = 0
configure:7463: test -s conftest
configure:7466: $? = 0
configure:7479: result: yes
configure:7568: checking for pthread_atfork in -lpthread
configure:7598: gcc -o conftest -g -O2 -DEI_64BIT   conftest.c -lpthread   >&5
configure:7604: $? = 0
configure:7608: test -z 
			 || test ! -s conftest.err
configure:7611: $? = 0
configure:7614: test -s conftest
configure:7617: $? = 0
configure:7630: result: yes
configure:7649: checking pthread.h usability
configure:7661: gcc -c -g -O2 -DEI_64BIT  conftest.c >&5
configure:7667: $? = 0
configure:7671: test -z 
			 || test ! -s conftest.err
configure:7674: $? = 0
configure:7677: test -s conftest.o
configure:7680: $? = 0
configure:7690: result: yes
configure:7694: checking pthread.h presence
configure:7704: gcc -E  conftest.c
configure:7710: $? = 0
configure:7730: result: yes
configure:7765: checking for pthread.h
configure:7772: result: yes
configure:7794: checking pthread/mit/pthread.h usability
configure:7806: gcc -c -g -O2 -DEI_64BIT  conftest.c >&5
conftest.c:97:10: fatal error: 'pthread/mit/pthread.h' file not found
#include <pthread/mit/pthread.h>
         ^
1 error generated.
configure:7812: $? = 1
configure: failed program was:
| /* confdefs.h.  */
| 
| #define PACKAGE_NAME ""
| #define PACKAGE_TARNAME ""
| #define PACKAGE_VERSION ""
| #define PACKAGE_STRING ""
| #define PACKAGE_BUGREPORT ""
| #define STDC_HEADERS 1
| #define HAVE_SYS_TYPES_H 1
| #define HAVE_SYS_STAT_H 1
| #define HAVE_STDLIB_H 1
| #define HAVE_STRING_H 1
| #define HAVE_MEMORY_H 1
| #define HAVE_STRINGS_H 1
| #define HAVE_INTTYPES_H 1
| #define HAVE_STDINT_H 1
| #define HAVE_UNISTD_H 1
| #define SIZEOF_SHORT 2
| #define SIZEOF_INT 4
| #define SIZEOF_LONG 8
| #define SIZEOF_VOID_P 8
| #define SIZEOF_LONG_LONG 8
| #define STDC_HEADERS 1
| #define HAVE_SYS_WAIT_H 1
| #define HAVE_ARPA_INET_H 1
| #define HAVE_FCNTL_H 1
| #define HAVE_LIMITS_H 1
| #define HAVE_NETDB_H 1
| #define HAVE_NETINET_IN_H 1
| #define HAVE_STDDEF_H 1
| #define HAVE_STDLIB_H 1
| #define HAVE_STRING_H 1
| #define HAVE_SYS_PARAM_H 1
| #define HAVE_SYS_SOCKET_H 1
| #define HAVE_SYS_SELECT_H 1
| #define HAVE_SYS_TIME_H 1
| #define HAVE_UNISTD_H 1
| #define HAVE_SYS_TYPES_H 1
| #define TIME_WITH_SYS_TIME 1
| #define HAVE_SOCKLEN_T 1
| #define HAVE_ALLOCA_H 1
| #define HAVE_ALLOCA 1
| #define HAVE_DUP2 1
| #define HAVE_GETHOSTBYADDR 1
| #define HAVE_GETHOSTBYNAME 1
| #define HAVE_GETHOSTNAME 1
| #define HAVE_WRITEV 1
| #define HAVE_GETTIMEOFDAY 1
| #define HAVE_INET_NTOA 1
| #define HAVE_MEMCHR 1
| #define HAVE_MEMMOVE 1
| #define HAVE_MEMSET 1
| #define HAVE_SELECT 1
| #define HAVE_SOCKET 1
| #define HAVE_STRCHR 1
| #define HAVE_STRERROR 1
| #define HAVE_STRRCHR 1
| #define HAVE_STRSTR 1
| #define HAVE_UNAME 1
| #define HAVE_PTHREAD_ATFORK 1
| #define HAVE_PTHREAD_H 1
| /* end confdefs.h.  */
| #include <stdio.h>
| #if HAVE_SYS_TYPES_H
| # include <sys/types.h>
| #endif
| #if HAVE_SYS_STAT_H
| # include <sys/stat.h>
| #endif
| #if STDC_HEADERS
| # include <stdlib.h>
| # include <stddef.h>
| #else
| # if HAVE_STDLIB_H
| #  include <stdlib.h>
| # endif
| #endif
| #if HAVE_STRING_H
| # if !STDC_HEADERS && HAVE_MEMORY_H
| #  include <memory.h>
| # endif
| # include <string.h>
| #endif
| #if HAVE_STRINGS_H
| # include <strings.h>
| #endif
| #if HAVE_INTTYPES_H
| # include <inttypes.h>
| #else
| # if HAVE_STDINT_H
| #  include <stdint.h>
| # endif
| #endif
| #if HAVE_UNISTD_H
| # include <unistd.h>
| #endif
| #include <pthread/mit/pthread.h>
configure:7835: result: no
configure:7839: checking pthread/mit/pthread.h presence
configure:7849: gcc -E  conftest.c
conftest.c:63:10: fatal error: 'pthread/mit/pthread.h' file not found
#include <pthread/mit/pthread.h>
         ^
1 error generated.
configure:7855: $? = 1
configure: failed program was:
| /* confdefs.h.  */
| 
| #define PACKAGE_NAME ""
| #define PACKAGE_TARNAME ""
| #define PACKAGE_VERSION ""
| #define PACKAGE_STRING ""
| #define PACKAGE_BUGREPORT ""
| #define STDC_HEADERS 1
| #define HAVE_SYS_TYPES_H 1
| #define HAVE_SYS_STAT_H 1
| #define HAVE_STDLIB_H 1
| #define HAVE_STRING_H 1
| #define HAVE_MEMORY_H 1
| #define HAVE_STRINGS_H 1
| #define HAVE_INTTYPES_H 1
| #define HAVE_STDINT_H 1
| #define HAVE_UNISTD_H 1
| #define SIZEOF_SHORT 2
| #define SIZEOF_INT 4
| #define SIZEOF_LONG 8
| #define SIZEOF_VOID_P 8
| #define SIZEOF_LONG_LONG 8
| #define STDC_HEADERS 1
| #define HAVE_SYS_WAIT_H 1
| #define HAVE_ARPA_INET_H 1
| #define HAVE_FCNTL_H 1
| #define HAVE_LIMITS_H 1
| #define HAVE_NETDB_H 1
| #define HAVE_NETINET_IN_H 1
| #define HAVE_STDDEF_H 1
| #define HAVE_STDLIB_H 1
| #define HAVE_STRING_H 1
| #define HAVE_SYS_PARAM_H 1
| #define HAVE_SYS_SOCKET_H 1
| #define HAVE_SYS_SELECT_H 1
| #define HAVE_SYS_TIME_H 1
| #define HAVE_UNISTD_H 1
| #define HAVE_SYS_TYPES_H 1
| #define TIME_WITH_SYS_TIME 1
| #define HAVE_SOCKLEN_T 1
| #define HAVE_ALLOCA_H 1
| #define HAVE_ALLOCA 1
| #define HAVE_DUP2 1
| #define HAVE_GETHOSTBYADDR 1
| #define HAVE_GETHOSTBYNAME 1
| #define HAVE_GETHOSTNAME 1
| #define HAVE_WRITEV 1
| #define HAVE_GETTIMEOFDAY 1
| #define HAVE_INET_NTOA 1
| #define HAVE_MEMCHR 1
| #define HAVE_MEMMOVE 1
| #define HAVE_MEMSET 1
| #define HAVE_SELECT 1
| #define HAVE_SOCKET 1
| #define HAVE_STRCHR 1
| #define HAVE_STRERROR 1
| #define HAVE_STRRCHR 1
| #define HAVE_STRSTR 1
| #define HAVE_UNAME 1
| #define HAVE_PTHREAD_ATFORK 1
| #define HAVE_PTHREAD_H 1
| /* end confdefs.h.  */
| #include <pthread/mit/pthread.h>
configure:7875: result: no
configure:7910: checking for pthread/mit/pthread.h
configure:7917: result: no
configure:8413: creating ./config.status

## ---------------------- ##
## Running config.status. ##
## ---------------------- ##

This file was extended by config.status, which was
generated by GNU Autoconf 2.59.  Invocation command line was

  CONFIG_FILES    = 
  CONFIG_HEADERS  = 
  CONFIG_LINKS    = 
  CONFIG_COMMANDS = 
  $ ./config.status 

on Olikass-MacBook-Air.local

config.status:672: creating src/i386-apple-darwin14.0.0/Makefile
config.status:672: creating src/i386-apple-darwin14.0.0/eidefs.mk
config.status:769: creating src/i386-apple-darwin14.0.0/config.h

## ---------------- ##
## Cache variables. ##
## ---------------- ##

ac_cv_build=i386-apple-darwin14.0.0
ac_cv_build_alias=i386-apple-darwin14.0.0
ac_cv_c_compiler_gnu=yes
ac_cv_env_CC_set=
ac_cv_env_CC_value=
ac_cv_env_CFLAGS_set=
ac_cv_env_CFLAGS_value=
ac_cv_env_CPPFLAGS_set=
ac_cv_env_CPPFLAGS_value=
ac_cv_env_CPP_set=
ac_cv_env_CPP_value=
ac_cv_env_LDFLAGS_set=
ac_cv_env_LDFLAGS_value=
ac_cv_env_build_alias_set=
ac_cv_env_build_alias_value=
ac_cv_env_host_alias_set=
ac_cv_env_host_alias_value=
ac_cv_env_target_alias_set=
ac_cv_env_target_alias_value=
ac_cv_exeext=
ac_cv_func_alloca_works=yes
ac_cv_func_clock_gettime=no
ac_cv_func_dup2=yes
ac_cv_func_gethostbyaddr=yes
ac_cv_func_gethostbyaddr_r=no
ac_cv_func_gethostbyname=yes
ac_cv_func_gethostbyname_r=no
ac_cv_func_gethostname=yes
ac_cv_func_gethrtime=no
ac_cv_func_gettimeofday=yes
ac_cv_func_inet_ntoa=yes
ac_cv_func_memchr=yes
ac_cv_func_memcmp_working=yes
ac_cv_func_memmove=yes
ac_cv_func_memset=yes
ac_cv_func_res_gethostbyname=no
ac_cv_func_select=yes
ac_cv_func_socket=yes
ac_cv_func_strchr=yes
ac_cv_func_strerror=yes
ac_cv_func_strrchr=yes
ac_cv_func_strstr=yes
ac_cv_func_uname=yes
ac_cv_func_writev=yes
ac_cv_header_arpa_inet_h=yes
ac_cv_header_fcntl_h=yes
ac_cv_header_inttypes_h=yes
ac_cv_header_limits_h=yes
ac_cv_header_malloc_h=no
ac_cv_header_memory_h=yes
ac_cv_header_netdb_h=yes
ac_cv_header_netinet_in_h=yes
ac_cv_header_pthread_h=yes
ac_cv_header_pthread_mit_pthread_h=no
ac_cv_header_stdc=yes
ac_cv_header_stddef_h=yes
ac_cv_header_stdint_h=yes
ac_cv_header_stdlib_h=yes
ac_cv_header_string_h=yes
ac_cv_header_strings_h=yes
ac_cv_header_sys_param_h=yes
ac_cv_header_sys_select_h=yes
ac_cv_header_sys_socket_h=yes
ac_cv_header_sys_stat_h=yes
ac_cv_header_sys_time_h=yes
ac_cv_header_sys_types_h=yes
ac_cv_header_sys_wait_h=yes
ac_cv_header_time=yes
ac_cv_header_unistd_h=yes
ac_cv_host=i386-apple-darwin14.0.0
ac_cv_host_alias=i386-apple-darwin14.0.0
ac_cv_lib_nsl_gethostbyname=no
ac_cv_lib_pthread___pthread_atfork=yes
ac_cv_lib_pthread_pthread_create=yes
ac_cv_lib_resolv_res_gethostbyname=no
ac_cv_lib_rt_clock_gettime=no
ac_cv_lib_socket_getpeername=no
ac_cv_objext=o
ac_cv_path_install='/usr/bin/install -c'
ac_cv_prog_AR=ar
ac_cv_prog_CPP='gcc -E'
ac_cv_prog_ac_ct_CC=gcc
ac_cv_prog_ac_ct_RANLIB=ranlib
ac_cv_prog_cc_g=yes
ac_cv_prog_cc_stdc=
ac_cv_prog_egrep='grep -E'
ac_cv_prog_gcc_traditional=no
ac_cv_prog_mkdir_p='/usr/bin/install -c -d'
ac_cv_sizeof_int=4
ac_cv_sizeof_long=8
ac_cv_sizeof_long_long=8
ac_cv_sizeof_short=2
ac_cv_sizeof_void_p=8
ac_cv_type_int=yes
ac_cv_type_long=yes
ac_cv_type_long_long=yes
ac_cv_type_pid_t=yes
ac_cv_type_short=yes
ac_cv_type_size_t=yes
ac_cv_type_uid_t=yes
ac_cv_type_void_p=yes
ac_cv_working_alloca_h=yes

## ----------------- ##
## Output variables. ##
## ----------------- ##

ALLOCA=''
AR='ar'
CC='gcc'
CFLAGS='-g -O2 -DEI_64BIT -no-cpp-precomp'
CPP='gcc -E'
CPPFLAGS=''
DED_CFLAGS='-g -O2 -DEI_64BIT -no-cpp-precomp -fPIC'
DEFS='-DHAVE_CONFIG_H'
ECHO_C='ECHO_N=''
ECHO_T=''
EGREP='grep -E'
EI_THREADS='true'
EXEEXT=''
INSTALL_DATA='${INSTALL} -m 644 -p'
INSTALL_DIR='/usr/bin/install -c -d'
INSTALL_PROGRAM='${INSTALL}'
INSTALL_SCRIPT='${INSTALL}'
LDFLAGS=''
LIBOBJS=''
LIBS=''
LTLIBOBJS=''
MIXED_CYGWIN='no'
MIXED_CYGWIN_MINGW='no'
MIXED_CYGWIN_VC='no'
OBJEXT='o'
PACKAGE_BUGREPORT=''
PACKAGE_NAME=''
PACKAGE_STRING=''
PACKAGE_TARNAME=''
PACKAGE_VERSION=''
PATH_SEPARATOR=':'
RANLIB='ranlib'
SHELL='/bin/sh'
TARGET='i386-apple-darwin14.0.0'
THR_DEFS='-D_REENTRANT -D_THREAD_SAFE -DPOSIX_THREADS'
THR_LIBS='-lpthread'
WFLAGS='-Wall -Wstrict-prototypes -Wmissing-prototypes -Wmissing-declarations -Wnested-externs -Winline -fno-strict-aliasing'
ac_ct_CC='gcc'
ac_ct_RANLIB='ranlib'
bindir='${exec_prefix}/bin'
build='i386-apple-darwin14.0.0'
build_alias=''
build_cpu='i386'
build_os='darwin14.0.0'
build_vendor='apple'
datadir='${prefix}/share'
exec_prefix='${prefix}'
host='i386-apple-darwin14.0.0'
host_alias=''
host_cpu='i386'
host_os='darwin14.0.0'
host_vendor='apple'
includedir='${prefix}/include'
infodir='${prefix}/info'
libdir='${exec_prefix}/lib'
libexecdir='${exec_prefix}/libexec'
localstatedir='${prefix}/var'
mandir='${prefix}/man'
oldincludedir='/usr/include'
prefix='/usr/local'
program_transform_name='s,x,x,'
sbindir='${exec_prefix}/sbin'
sharedstatedir='${prefix}/com'
sysconfdir='${prefix}/etc'
target_alias=''

## ----------- ##
## confdefs.h. ##
## ----------- ##

#define HAVE_ALLOCA 1
#define HAVE_ALLOCA_H 1
#define HAVE_ARPA_INET_H 1
#define HAVE_DUP2 1
#define HAVE_FCNTL_H 1
#define HAVE_GETHOSTBYADDR 1
#define HAVE_GETHOSTBYNAME 1
#define HAVE_GETHOSTNAME 1
#define HAVE_GETTIMEOFDAY 1
#define HAVE_INET_NTOA 1
#define HAVE_INTTYPES_H 1
#define HAVE_LIMITS_H 1
#define HAVE_MEMCHR 1
#define HAVE_MEMMOVE 1
#define HAVE_MEMORY_H 1
#define HAVE_MEMSET 1
#define HAVE_NETDB_H 1
#define HAVE_NETINET_IN_H 1
#define HAVE_PTHREAD_ATFORK 1
#define HAVE_PTHREAD_H 1
#define HAVE_SELECT 1
#define HAVE_SOCKET 1
#define HAVE_SOCKLEN_T 1
#define HAVE_STDDEF_H 1
#define HAVE_STDINT_H 1
#define HAVE_STDLIB_H 1
#define HAVE_STDLIB_H 1
#define HAVE_STRCHR 1
#define HAVE_STRERROR 1
#define HAVE_STRINGS_H 1
#define HAVE_STRING_H 1
#define HAVE_STRING_H 1
#define HAVE_STRRCHR 1
#define HAVE_STRSTR 1
#define HAVE_SYS_PARAM_H 1
#define HAVE_SYS_SELECT_H 1
#define HAVE_SYS_SOCKET_H 1
#define HAVE_SYS_STAT_H 1
#define HAVE_SYS_TIME_H 1
#define HAVE_SYS_TYPES_H 1
#define HAVE_SYS_TYPES_H 1
#define HAVE_SYS_WAIT_H 1
#define HAVE_UNAME 1
#define HAVE_UNISTD_H 1
#define HAVE_UNISTD_H 1
#define HAVE_WRITEV 1
#define PACKAGE_BUGREPORT ""
#define PACKAGE_NAME ""
#define PACKAGE_STRING ""
#define PACKAGE_TARNAME ""
#define PACKAGE_VERSION ""
#define SIZEOF_INT 4
#define SIZEOF_LONG 8
#define SIZEOF_LONG_LONG 8
#define SIZEOF_SHORT 2
#define SIZEOF_VOID_P 8
#define STDC_HEADERS 1
#define STDC_HEADERS 1
#define TIME_WITH_SYS_TIME 1

configure: exit 0
